

Started GET "/" for 127.0.0.1 at 2013-12-13 17:34:42 +0000
Processing by WelcomeController#index as HTML
  Rendered welcome/index.html.erb within layouts/application (32.8ms)
Completed 200 OK in 1302ms (Views: 1273.1ms | ActiveRecord: 0.0ms)


Started GET "/" for 127.0.0.1 at 2013-12-13 17:34:46 +0000
Processing by WelcomeController#index as HTML
  Rendered welcome/index.html.erb within layouts/application (0.9ms)
Completed 200 OK in 12ms (Views: 11.1ms | ActiveRecord: 0.0ms)


Started GET "/assets/layout.css?body=1" for 127.0.0.1 at 2013-12-13 17:34:47 +0000


Started GET "/assets/bootstrap.css?body=1" for 127.0.0.1 at 2013-12-13 17:34:47 +0000


Started GET "/assets/Index/lisboa.jpg" for 127.0.0.1 at 2013-12-13 17:34:47 +0000


Started GET "/assets/Index/palacio.jpg" for 127.0.0.1 at 2013-12-13 17:34:47 +0000


Started GET "/assets/Index/Logo.png" for 127.0.0.1 at 2013-12-13 17:34:47 +0000


Started GET "/assets/Index/faro.jpg" for 127.0.0.1 at 2013-12-13 17:34:47 +0000


Started GET "/assets/turbolinks.js?body=1" for 127.0.0.1 at 2013-12-13 17:34:47 +0000


Started GET "/assets/jquery_ujs.js?body=1" for 127.0.0.1 at 2013-12-13 17:34:47 +0000


Started GET "/assets/jquery.js?body=1" for 127.0.0.1 at 2013-12-13 17:34:47 +0000


Started GET "/assets/Index/douro.jpg" for 127.0.0.1 at 2013-12-13 17:34:47 +0000


Started GET "/assets/bootstrap.js?body=1" for 127.0.0.1 at 2013-12-13 17:34:47 +0000


Started GET "/assets/bootstrap.min.js?body=1" for 127.0.0.1 at 2013-12-13 17:34:47 +0000


Started GET "/assets/html5shiv.js?body=1" for 127.0.0.1 at 2013-12-13 17:34:47 +0000


Started GET "/assets/jquery-1.10.2.js?body=1" for 127.0.0.1 at 2013-12-13 17:34:47 +0000


Started GET "/assets/offcanvas.js?body=1" for 127.0.0.1 at 2013-12-13 17:34:47 +0000


Started GET "/assets/application.js?body=1" for 127.0.0.1 at 2013-12-13 17:34:47 +0000


Started GET "/assets/fonts/glyphicons-halflings-regular.woff" for 127.0.0.1 at 2013-12-13 17:34:48 +0000


Started GET "/assets/respond.min.js?body=1" for 127.0.0.1 at 2013-12-13 17:34:48 +0000


Started GET "/" for 127.0.0.1 at 2013-12-13 17:44:02 +0000

PG::ConnectionBad (fe_sendauth: no password supplied
):
  activerecord (4.0.1) lib/active_record/connection_adapters/postgresql_adapter.rb:831:in `initialize'
  activerecord (4.0.1) lib/active_record/connection_adapters/postgresql_adapter.rb:831:in `new'
  activerecord (4.0.1) lib/active_record/connection_adapters/postgresql_adapter.rb:831:in `connect'
  activerecord (4.0.1) lib/active_record/connection_adapters/postgresql_adapter.rb:548:in `initialize'
  activerecord (4.0.1) lib/active_record/connection_adapters/postgresql_adapter.rb:41:in `new'
  activerecord (4.0.1) lib/active_record/connection_adapters/postgresql_adapter.rb:41:in `postgresql_connection'
  activerecord (4.0.1) lib/active_record/connection_adapters/abstract/connection_pool.rb:440:in `new_connection'
  activerecord (4.0.1) lib/active_record/connection_adapters/abstract/connection_pool.rb:450:in `checkout_new_connection'
  activerecord (4.0.1) lib/active_record/connection_adapters/abstract/connection_pool.rb:421:in `acquire_connection'
  activerecord (4.0.1) lib/active_record/connection_adapters/abstract/connection_pool.rb:356:in `block in checkout'
  /System/Library/Frameworks/Ruby.framework/Versions/2.0/usr/lib/ruby/2.0.0/monitor.rb:211:in `mon_synchronize'
  activerecord (4.0.1) lib/active_record/connection_adapters/abstract/connection_pool.rb:355:in `checkout'
  activerecord (4.0.1) lib/active_record/connection_adapters/abstract/connection_pool.rb:265:in `block in connection'
  /System/Library/Frameworks/Ruby.framework/Versions/2.0/usr/lib/ruby/2.0.0/monitor.rb:211:in `mon_synchronize'
  activerecord (4.0.1) lib/active_record/connection_adapters/abstract/connection_pool.rb:264:in `connection'
  activerecord (4.0.1) lib/active_record/connection_adapters/abstract/connection_pool.rb:546:in `retrieve_connection'
  activerecord (4.0.1) lib/active_record/connection_handling.rb:79:in `retrieve_connection'
  activerecord (4.0.1) lib/active_record/connection_handling.rb:53:in `connection'
  activerecord (4.0.1) lib/active_record/query_cache.rb:51:in `restore_query_cache_settings'
  activerecord (4.0.1) lib/active_record/query_cache.rb:43:in `rescue in call'
  activerecord (4.0.1) lib/active_record/query_cache.rb:32:in `call'
  activerecord (4.0.1) lib/active_record/connection_adapters/abstract/connection_pool.rb:626:in `call'
  actionpack (4.0.1) lib/action_dispatch/middleware/callbacks.rb:29:in `block in call'
  activesupport (4.0.1) lib/active_support/callbacks.rb:373:in `_run__2637837489058717948__call__callbacks'
  activesupport (4.0.1) lib/active_support/callbacks.rb:80:in `run_callbacks'
  actionpack (4.0.1) lib/action_dispatch/middleware/callbacks.rb:27:in `call'
  actionpack (4.0.1) lib/action_dispatch/middleware/reloader.rb:64:in `call'
  actionpack (4.0.1) lib/action_dispatch/middleware/remote_ip.rb:76:in `call'
  actionpack (4.0.1) lib/action_dispatch/middleware/debug_exceptions.rb:17:in `call'
  actionpack (4.0.1) lib/action_dispatch/middleware/show_exceptions.rb:30:in `call'
  railties (4.0.1) lib/rails/rack/logger.rb:38:in `call_app'
  railties (4.0.1) lib/rails/rack/logger.rb:20:in `block in call'
  activesupport (4.0.1) lib/active_support/tagged_logging.rb:67:in `block in tagged'
  activesupport (4.0.1) lib/active_support/tagged_logging.rb:25:in `tagged'
  activesupport (4.0.1) lib/active_support/tagged_logging.rb:67:in `tagged'
  railties (4.0.1) lib/rails/rack/logger.rb:20:in `call'
  actionpack (4.0.1) lib/action_dispatch/middleware/request_id.rb:21:in `call'
  rack (1.5.2) lib/rack/methodoverride.rb:21:in `call'
  rack (1.5.2) lib/rack/runtime.rb:17:in `call'
  activesupport (4.0.1) lib/active_support/cache/strategy/local_cache.rb:83:in `call'
  rack (1.5.2) lib/rack/lock.rb:17:in `call'
  actionpack (4.0.1) lib/action_dispatch/middleware/static.rb:64:in `call'
  rack (1.5.2) lib/rack/sendfile.rb:112:in `call'
  railties (4.0.1) lib/rails/engine.rb:511:in `call'
  railties (4.0.1) lib/rails/application.rb:97:in `call'
  rack (1.5.2) lib/rack/lock.rb:17:in `call'
  rack (1.5.2) lib/rack/content_length.rb:14:in `call'
  rack (1.5.2) lib/rack/handler/webrick.rb:60:in `service'
  /System/Library/Frameworks/Ruby.framework/Versions/2.0/usr/lib/ruby/2.0.0/webrick/httpserver.rb:138:in `service'
  /System/Library/Frameworks/Ruby.framework/Versions/2.0/usr/lib/ruby/2.0.0/webrick/httpserver.rb:94:in `run'
  /System/Library/Frameworks/Ruby.framework/Versions/2.0/usr/lib/ruby/2.0.0/webrick/server.rb:295:in `block in start_thread'


  Rendered /Library/Ruby/Gems/2.0.0/gems/actionpack-4.0.1/lib/action_dispatch/middleware/templates/rescues/_source.erb (0.8ms)
  Rendered /Library/Ruby/Gems/2.0.0/gems/actionpack-4.0.1/lib/action_dispatch/middleware/templates/rescues/_trace.erb (1.5ms)
  Rendered /Library/Ruby/Gems/2.0.0/gems/actionpack-4.0.1/lib/action_dispatch/middleware/templates/rescues/_request_and_response.erb (1.2ms)
  Rendered /Library/Ruby/Gems/2.0.0/gems/actionpack-4.0.1/lib/action_dispatch/middleware/templates/rescues/diagnostics.erb within rescues/layout (27.1ms)


Started GET "/" for 127.0.0.1 at 2013-12-13 17:45:10 +0000

PG::ConnectionBad (fe_sendauth: no password supplied
):
  activerecord (4.0.1) lib/active_record/connection_adapters/postgresql_adapter.rb:831:in `initialize'
  activerecord (4.0.1) lib/active_record/connection_adapters/postgresql_adapter.rb:831:in `new'
  activerecord (4.0.1) lib/active_record/connection_adapters/postgresql_adapter.rb:831:in `connect'
  activerecord (4.0.1) lib/active_record/connection_adapters/postgresql_adapter.rb:548:in `initialize'
  activerecord (4.0.1) lib/active_record/connection_adapters/postgresql_adapter.rb:41:in `new'
  activerecord (4.0.1) lib/active_record/connection_adapters/postgresql_adapter.rb:41:in `postgresql_connection'
  activerecord (4.0.1) lib/active_record/connection_adapters/abstract/connection_pool.rb:440:in `new_connection'
  activerecord (4.0.1) lib/active_record/connection_adapters/abstract/connection_pool.rb:450:in `checkout_new_connection'
  activerecord (4.0.1) lib/active_record/connection_adapters/abstract/connection_pool.rb:421:in `acquire_connection'
  activerecord (4.0.1) lib/active_record/connection_adapters/abstract/connection_pool.rb:356:in `block in checkout'
  /System/Library/Frameworks/Ruby.framework/Versions/2.0/usr/lib/ruby/2.0.0/monitor.rb:211:in `mon_synchronize'
  activerecord (4.0.1) lib/active_record/connection_adapters/abstract/connection_pool.rb:355:in `checkout'
  activerecord (4.0.1) lib/active_record/connection_adapters/abstract/connection_pool.rb:265:in `block in connection'
  /System/Library/Frameworks/Ruby.framework/Versions/2.0/usr/lib/ruby/2.0.0/monitor.rb:211:in `mon_synchronize'
  activerecord (4.0.1) lib/active_record/connection_adapters/abstract/connection_pool.rb:264:in `connection'
  activerecord (4.0.1) lib/active_record/connection_adapters/abstract/connection_pool.rb:546:in `retrieve_connection'
  activerecord (4.0.1) lib/active_record/connection_handling.rb:79:in `retrieve_connection'
  activerecord (4.0.1) lib/active_record/connection_handling.rb:53:in `connection'
  activerecord (4.0.1) lib/active_record/query_cache.rb:51:in `restore_query_cache_settings'
  activerecord (4.0.1) lib/active_record/query_cache.rb:43:in `rescue in call'
  activerecord (4.0.1) lib/active_record/query_cache.rb:32:in `call'
  activerecord (4.0.1) lib/active_record/connection_adapters/abstract/connection_pool.rb:626:in `call'
  actionpack (4.0.1) lib/action_dispatch/middleware/callbacks.rb:29:in `block in call'
  activesupport (4.0.1) lib/active_support/callbacks.rb:373:in `_run__2637837489058717948__call__callbacks'
  activesupport (4.0.1) lib/active_support/callbacks.rb:80:in `run_callbacks'
  actionpack (4.0.1) lib/action_dispatch/middleware/callbacks.rb:27:in `call'
  actionpack (4.0.1) lib/action_dispatch/middleware/reloader.rb:64:in `call'
  actionpack (4.0.1) lib/action_dispatch/middleware/remote_ip.rb:76:in `call'
  actionpack (4.0.1) lib/action_dispatch/middleware/debug_exceptions.rb:17:in `call'
  actionpack (4.0.1) lib/action_dispatch/middleware/show_exceptions.rb:30:in `call'
  railties (4.0.1) lib/rails/rack/logger.rb:38:in `call_app'
  railties (4.0.1) lib/rails/rack/logger.rb:20:in `block in call'
  activesupport (4.0.1) lib/active_support/tagged_logging.rb:67:in `block in tagged'
  activesupport (4.0.1) lib/active_support/tagged_logging.rb:25:in `tagged'
  activesupport (4.0.1) lib/active_support/tagged_logging.rb:67:in `tagged'
  railties (4.0.1) lib/rails/rack/logger.rb:20:in `call'
  actionpack (4.0.1) lib/action_dispatch/middleware/request_id.rb:21:in `call'
  rack (1.5.2) lib/rack/methodoverride.rb:21:in `call'
  rack (1.5.2) lib/rack/runtime.rb:17:in `call'
  activesupport (4.0.1) lib/active_support/cache/strategy/local_cache.rb:83:in `call'
  rack (1.5.2) lib/rack/lock.rb:17:in `call'
  actionpack (4.0.1) lib/action_dispatch/middleware/static.rb:64:in `call'
  rack (1.5.2) lib/rack/sendfile.rb:112:in `call'
  railties (4.0.1) lib/rails/engine.rb:511:in `call'
  railties (4.0.1) lib/rails/application.rb:97:in `call'
  rack (1.5.2) lib/rack/lock.rb:17:in `call'
  rack (1.5.2) lib/rack/content_length.rb:14:in `call'
  rack (1.5.2) lib/rack/handler/webrick.rb:60:in `service'
  /System/Library/Frameworks/Ruby.framework/Versions/2.0/usr/lib/ruby/2.0.0/webrick/httpserver.rb:138:in `service'
  /System/Library/Frameworks/Ruby.framework/Versions/2.0/usr/lib/ruby/2.0.0/webrick/httpserver.rb:94:in `run'
  /System/Library/Frameworks/Ruby.framework/Versions/2.0/usr/lib/ruby/2.0.0/webrick/server.rb:295:in `block in start_thread'


  Rendered /Library/Ruby/Gems/2.0.0/gems/actionpack-4.0.1/lib/action_dispatch/middleware/templates/rescues/_source.erb (0.7ms)
  Rendered /Library/Ruby/Gems/2.0.0/gems/actionpack-4.0.1/lib/action_dispatch/middleware/templates/rescues/_trace.erb (1.4ms)
  Rendered /Library/Ruby/Gems/2.0.0/gems/actionpack-4.0.1/lib/action_dispatch/middleware/templates/rescues/_request_and_response.erb (1.1ms)
  Rendered /Library/Ruby/Gems/2.0.0/gems/actionpack-4.0.1/lib/action_dispatch/middleware/templates/rescues/diagnostics.erb within rescues/layout (21.4ms)


Started GET "/welcome/index" for 127.0.0.1 at 2013-12-13 17:45:21 +0000

PG::ConnectionBad (fe_sendauth: no password supplied
):
  activerecord (4.0.1) lib/active_record/connection_adapters/postgresql_adapter.rb:831:in `initialize'
  activerecord (4.0.1) lib/active_record/connection_adapters/postgresql_adapter.rb:831:in `new'
  activerecord (4.0.1) lib/active_record/connection_adapters/postgresql_adapter.rb:831:in `connect'
  activerecord (4.0.1) lib/active_record/connection_adapters/postgresql_adapter.rb:548:in `initialize'
  activerecord (4.0.1) lib/active_record/connection_adapters/postgresql_adapter.rb:41:in `new'
  activerecord (4.0.1) lib/active_record/connection_adapters/postgresql_adapter.rb:41:in `postgresql_connection'
  activerecord (4.0.1) lib/active_record/connection_adapters/abstract/connection_pool.rb:440:in `new_connection'
  activerecord (4.0.1) lib/active_record/connection_adapters/abstract/connection_pool.rb:450:in `checkout_new_connection'
  activerecord (4.0.1) lib/active_record/connection_adapters/abstract/connection_pool.rb:421:in `acquire_connection'
  activerecord (4.0.1) lib/active_record/connection_adapters/abstract/connection_pool.rb:356:in `block in checkout'
  /System/Library/Frameworks/Ruby.framework/Versions/2.0/usr/lib/ruby/2.0.0/monitor.rb:211:in `mon_synchronize'
  activerecord (4.0.1) lib/active_record/connection_adapters/abstract/connection_pool.rb:355:in `checkout'
  activerecord (4.0.1) lib/active_record/connection_adapters/abstract/connection_pool.rb:265:in `block in connection'
  /System/Library/Frameworks/Ruby.framework/Versions/2.0/usr/lib/ruby/2.0.0/monitor.rb:211:in `mon_synchronize'
  activerecord (4.0.1) lib/active_record/connection_adapters/abstract/connection_pool.rb:264:in `connection'
  activerecord (4.0.1) lib/active_record/connection_adapters/abstract/connection_pool.rb:546:in `retrieve_connection'
  activerecord (4.0.1) lib/active_record/connection_handling.rb:79:in `retrieve_connection'
  activerecord (4.0.1) lib/active_record/connection_handling.rb:53:in `connection'
  activerecord (4.0.1) lib/active_record/query_cache.rb:51:in `restore_query_cache_settings'
  activerecord (4.0.1) lib/active_record/query_cache.rb:43:in `rescue in call'
  activerecord (4.0.1) lib/active_record/query_cache.rb:32:in `call'
  activerecord (4.0.1) lib/active_record/connection_adapters/abstract/connection_pool.rb:626:in `call'
  actionpack (4.0.1) lib/action_dispatch/middleware/callbacks.rb:29:in `block in call'
  activesupport (4.0.1) lib/active_support/callbacks.rb:373:in `_run__2637837489058717948__call__callbacks'
  activesupport (4.0.1) lib/active_support/callbacks.rb:80:in `run_callbacks'
  actionpack (4.0.1) lib/action_dispatch/middleware/callbacks.rb:27:in `call'
  actionpack (4.0.1) lib/action_dispatch/middleware/reloader.rb:64:in `call'
  actionpack (4.0.1) lib/action_dispatch/middleware/remote_ip.rb:76:in `call'
  actionpack (4.0.1) lib/action_dispatch/middleware/debug_exceptions.rb:17:in `call'
  actionpack (4.0.1) lib/action_dispatch/middleware/show_exceptions.rb:30:in `call'
  railties (4.0.1) lib/rails/rack/logger.rb:38:in `call_app'
  railties (4.0.1) lib/rails/rack/logger.rb:20:in `block in call'
  activesupport (4.0.1) lib/active_support/tagged_logging.rb:67:in `block in tagged'
  activesupport (4.0.1) lib/active_support/tagged_logging.rb:25:in `tagged'
  activesupport (4.0.1) lib/active_support/tagged_logging.rb:67:in `tagged'
  railties (4.0.1) lib/rails/rack/logger.rb:20:in `call'
  actionpack (4.0.1) lib/action_dispatch/middleware/request_id.rb:21:in `call'
  rack (1.5.2) lib/rack/methodoverride.rb:21:in `call'
  rack (1.5.2) lib/rack/runtime.rb:17:in `call'
  activesupport (4.0.1) lib/active_support/cache/strategy/local_cache.rb:83:in `call'
  rack (1.5.2) lib/rack/lock.rb:17:in `call'
  actionpack (4.0.1) lib/action_dispatch/middleware/static.rb:64:in `call'
  rack (1.5.2) lib/rack/sendfile.rb:112:in `call'
  railties (4.0.1) lib/rails/engine.rb:511:in `call'
  railties (4.0.1) lib/rails/application.rb:97:in `call'
  rack (1.5.2) lib/rack/lock.rb:17:in `call'
  rack (1.5.2) lib/rack/content_length.rb:14:in `call'
  rack (1.5.2) lib/rack/handler/webrick.rb:60:in `service'
  /System/Library/Frameworks/Ruby.framework/Versions/2.0/usr/lib/ruby/2.0.0/webrick/httpserver.rb:138:in `service'
  /System/Library/Frameworks/Ruby.framework/Versions/2.0/usr/lib/ruby/2.0.0/webrick/httpserver.rb:94:in `run'
  /System/Library/Frameworks/Ruby.framework/Versions/2.0/usr/lib/ruby/2.0.0/webrick/server.rb:295:in `block in start_thread'


  Rendered /Library/Ruby/Gems/2.0.0/gems/actionpack-4.0.1/lib/action_dispatch/middleware/templates/rescues/_source.erb (0.8ms)
  Rendered /Library/Ruby/Gems/2.0.0/gems/actionpack-4.0.1/lib/action_dispatch/middleware/templates/rescues/_trace.erb (1.6ms)
  Rendered /Library/Ruby/Gems/2.0.0/gems/actionpack-4.0.1/lib/action_dispatch/middleware/templates/rescues/_request_and_response.erb (1.1ms)
  Rendered /Library/Ruby/Gems/2.0.0/gems/actionpack-4.0.1/lib/action_dispatch/middleware/templates/rescues/diagnostics.erb within rescues/layout (19.0ms)


Started GET "/welcome/pacotes" for 127.0.0.1 at 2013-12-13 17:45:27 +0000

PG::ConnectionBad (fe_sendauth: no password supplied
):
  activerecord (4.0.1) lib/active_record/connection_adapters/postgresql_adapter.rb:831:in `initialize'
  activerecord (4.0.1) lib/active_record/connection_adapters/postgresql_adapter.rb:831:in `new'
  activerecord (4.0.1) lib/active_record/connection_adapters/postgresql_adapter.rb:831:in `connect'
  activerecord (4.0.1) lib/active_record/connection_adapters/postgresql_adapter.rb:548:in `initialize'
  activerecord (4.0.1) lib/active_record/connection_adapters/postgresql_adapter.rb:41:in `new'
  activerecord (4.0.1) lib/active_record/connection_adapters/postgresql_adapter.rb:41:in `postgresql_connection'
  activerecord (4.0.1) lib/active_record/connection_adapters/abstract/connection_pool.rb:440:in `new_connection'
  activerecord (4.0.1) lib/active_record/connection_adapters/abstract/connection_pool.rb:450:in `checkout_new_connection'
  activerecord (4.0.1) lib/active_record/connection_adapters/abstract/connection_pool.rb:421:in `acquire_connection'
  activerecord (4.0.1) lib/active_record/connection_adapters/abstract/connection_pool.rb:356:in `block in checkout'
  /System/Library/Frameworks/Ruby.framework/Versions/2.0/usr/lib/ruby/2.0.0/monitor.rb:211:in `mon_synchronize'
  activerecord (4.0.1) lib/active_record/connection_adapters/abstract/connection_pool.rb:355:in `checkout'
  activerecord (4.0.1) lib/active_record/connection_adapters/abstract/connection_pool.rb:265:in `block in connection'
  /System/Library/Frameworks/Ruby.framework/Versions/2.0/usr/lib/ruby/2.0.0/monitor.rb:211:in `mon_synchronize'
  activerecord (4.0.1) lib/active_record/connection_adapters/abstract/connection_pool.rb:264:in `connection'
  activerecord (4.0.1) lib/active_record/connection_adapters/abstract/connection_pool.rb:546:in `retrieve_connection'
  activerecord (4.0.1) lib/active_record/connection_handling.rb:79:in `retrieve_connection'
  activerecord (4.0.1) lib/active_record/connection_handling.rb:53:in `connection'
  activerecord (4.0.1) lib/active_record/query_cache.rb:51:in `restore_query_cache_settings'
  activerecord (4.0.1) lib/active_record/query_cache.rb:43:in `rescue in call'
  activerecord (4.0.1) lib/active_record/query_cache.rb:32:in `call'
  activerecord (4.0.1) lib/active_record/connection_adapters/abstract/connection_pool.rb:626:in `call'
  actionpack (4.0.1) lib/action_dispatch/middleware/callbacks.rb:29:in `block in call'
  activesupport (4.0.1) lib/active_support/callbacks.rb:373:in `_run__2637837489058717948__call__callbacks'
  activesupport (4.0.1) lib/active_support/callbacks.rb:80:in `run_callbacks'
  actionpack (4.0.1) lib/action_dispatch/middleware/callbacks.rb:27:in `call'
  actionpack (4.0.1) lib/action_dispatch/middleware/reloader.rb:64:in `call'
  actionpack (4.0.1) lib/action_dispatch/middleware/remote_ip.rb:76:in `call'
  actionpack (4.0.1) lib/action_dispatch/middleware/debug_exceptions.rb:17:in `call'
  actionpack (4.0.1) lib/action_dispatch/middleware/show_exceptions.rb:30:in `call'
  railties (4.0.1) lib/rails/rack/logger.rb:38:in `call_app'
  railties (4.0.1) lib/rails/rack/logger.rb:20:in `block in call'
  activesupport (4.0.1) lib/active_support/tagged_logging.rb:67:in `block in tagged'
  activesupport (4.0.1) lib/active_support/tagged_logging.rb:25:in `tagged'
  activesupport (4.0.1) lib/active_support/tagged_logging.rb:67:in `tagged'
  railties (4.0.1) lib/rails/rack/logger.rb:20:in `call'
  actionpack (4.0.1) lib/action_dispatch/middleware/request_id.rb:21:in `call'
  rack (1.5.2) lib/rack/methodoverride.rb:21:in `call'
  rack (1.5.2) lib/rack/runtime.rb:17:in `call'
  activesupport (4.0.1) lib/active_support/cache/strategy/local_cache.rb:83:in `call'
  rack (1.5.2) lib/rack/lock.rb:17:in `call'
  actionpack (4.0.1) lib/action_dispatch/middleware/static.rb:64:in `call'
  rack (1.5.2) lib/rack/sendfile.rb:112:in `call'
  railties (4.0.1) lib/rails/engine.rb:511:in `call'
  railties (4.0.1) lib/rails/application.rb:97:in `call'
  rack (1.5.2) lib/rack/lock.rb:17:in `call'
  rack (1.5.2) lib/rack/content_length.rb:14:in `call'
  rack (1.5.2) lib/rack/handler/webrick.rb:60:in `service'
  /System/Library/Frameworks/Ruby.framework/Versions/2.0/usr/lib/ruby/2.0.0/webrick/httpserver.rb:138:in `service'
  /System/Library/Frameworks/Ruby.framework/Versions/2.0/usr/lib/ruby/2.0.0/webrick/httpserver.rb:94:in `run'
  /System/Library/Frameworks/Ruby.framework/Versions/2.0/usr/lib/ruby/2.0.0/webrick/server.rb:295:in `block in start_thread'


  Rendered /Library/Ruby/Gems/2.0.0/gems/actionpack-4.0.1/lib/action_dispatch/middleware/templates/rescues/_source.erb (0.8ms)
  Rendered /Library/Ruby/Gems/2.0.0/gems/actionpack-4.0.1/lib/action_dispatch/middleware/templates/rescues/_trace.erb (1.6ms)
  Rendered /Library/Ruby/Gems/2.0.0/gems/actionpack-4.0.1/lib/action_dispatch/middleware/templates/rescues/_request_and_response.erb (1.2ms)
  Rendered /Library/Ruby/Gems/2.0.0/gems/actionpack-4.0.1/lib/action_dispatch/middleware/templates/rescues/diagnostics.erb within rescues/layout (20.6ms)


Started GET "/welcome/pacotes" for 127.0.0.1 at 2013-12-13 17:46:29 +0000

PG::ConnectionBad (fe_sendauth: no password supplied
):
  activerecord (4.0.1) lib/active_record/connection_adapters/postgresql_adapter.rb:831:in `initialize'
  activerecord (4.0.1) lib/active_record/connection_adapters/postgresql_adapter.rb:831:in `new'
  activerecord (4.0.1) lib/active_record/connection_adapters/postgresql_adapter.rb:831:in `connect'
  activerecord (4.0.1) lib/active_record/connection_adapters/postgresql_adapter.rb:548:in `initialize'
  activerecord (4.0.1) lib/active_record/connection_adapters/postgresql_adapter.rb:41:in `new'
  activerecord (4.0.1) lib/active_record/connection_adapters/postgresql_adapter.rb:41:in `postgresql_connection'
  activerecord (4.0.1) lib/active_record/connection_adapters/abstract/connection_pool.rb:440:in `new_connection'
  activerecord (4.0.1) lib/active_record/connection_adapters/abstract/connection_pool.rb:450:in `checkout_new_connection'
  activerecord (4.0.1) lib/active_record/connection_adapters/abstract/connection_pool.rb:421:in `acquire_connection'
  activerecord (4.0.1) lib/active_record/connection_adapters/abstract/connection_pool.rb:356:in `block in checkout'
  /System/Library/Frameworks/Ruby.framework/Versions/2.0/usr/lib/ruby/2.0.0/monitor.rb:211:in `mon_synchronize'
  activerecord (4.0.1) lib/active_record/connection_adapters/abstract/connection_pool.rb:355:in `checkout'
  activerecord (4.0.1) lib/active_record/connection_adapters/abstract/connection_pool.rb:265:in `block in connection'
  /System/Library/Frameworks/Ruby.framework/Versions/2.0/usr/lib/ruby/2.0.0/monitor.rb:211:in `mon_synchronize'
  activerecord (4.0.1) lib/active_record/connection_adapters/abstract/connection_pool.rb:264:in `connection'
  activerecord (4.0.1) lib/active_record/connection_adapters/abstract/connection_pool.rb:546:in `retrieve_connection'
  activerecord (4.0.1) lib/active_record/connection_handling.rb:79:in `retrieve_connection'
  activerecord (4.0.1) lib/active_record/connection_handling.rb:53:in `connection'
  activerecord (4.0.1) lib/active_record/query_cache.rb:51:in `restore_query_cache_settings'
  activerecord (4.0.1) lib/active_record/query_cache.rb:43:in `rescue in call'
  activerecord (4.0.1) lib/active_record/query_cache.rb:32:in `call'
  activerecord (4.0.1) lib/active_record/connection_adapters/abstract/connection_pool.rb:626:in `call'
  actionpack (4.0.1) lib/action_dispatch/middleware/callbacks.rb:29:in `block in call'
  activesupport (4.0.1) lib/active_support/callbacks.rb:373:in `_run__2138173927964809955__call__callbacks'
  activesupport (4.0.1) lib/active_support/callbacks.rb:80:in `run_callbacks'
  actionpack (4.0.1) lib/action_dispatch/middleware/callbacks.rb:27:in `call'
  actionpack (4.0.1) lib/action_dispatch/middleware/reloader.rb:64:in `call'
  actionpack (4.0.1) lib/action_dispatch/middleware/remote_ip.rb:76:in `call'
  actionpack (4.0.1) lib/action_dispatch/middleware/debug_exceptions.rb:17:in `call'
  actionpack (4.0.1) lib/action_dispatch/middleware/show_exceptions.rb:30:in `call'
  railties (4.0.1) lib/rails/rack/logger.rb:38:in `call_app'
  railties (4.0.1) lib/rails/rack/logger.rb:20:in `block in call'
  activesupport (4.0.1) lib/active_support/tagged_logging.rb:67:in `block in tagged'
  activesupport (4.0.1) lib/active_support/tagged_logging.rb:25:in `tagged'
  activesupport (4.0.1) lib/active_support/tagged_logging.rb:67:in `tagged'
  railties (4.0.1) lib/rails/rack/logger.rb:20:in `call'
  actionpack (4.0.1) lib/action_dispatch/middleware/request_id.rb:21:in `call'
  rack (1.5.2) lib/rack/methodoverride.rb:21:in `call'
  rack (1.5.2) lib/rack/runtime.rb:17:in `call'
  activesupport (4.0.1) lib/active_support/cache/strategy/local_cache.rb:83:in `call'
  rack (1.5.2) lib/rack/lock.rb:17:in `call'
  actionpack (4.0.1) lib/action_dispatch/middleware/static.rb:64:in `call'
  rack (1.5.2) lib/rack/sendfile.rb:112:in `call'
  railties (4.0.1) lib/rails/engine.rb:511:in `call'
  railties (4.0.1) lib/rails/application.rb:97:in `call'
  rack (1.5.2) lib/rack/lock.rb:17:in `call'
  rack (1.5.2) lib/rack/content_length.rb:14:in `call'
  rack (1.5.2) lib/rack/handler/webrick.rb:60:in `service'
  /System/Library/Frameworks/Ruby.framework/Versions/2.0/usr/lib/ruby/2.0.0/webrick/httpserver.rb:138:in `service'
  /System/Library/Frameworks/Ruby.framework/Versions/2.0/usr/lib/ruby/2.0.0/webrick/httpserver.rb:94:in `run'
  /System/Library/Frameworks/Ruby.framework/Versions/2.0/usr/lib/ruby/2.0.0/webrick/server.rb:295:in `block in start_thread'


  Rendered /Library/Ruby/Gems/2.0.0/gems/actionpack-4.0.1/lib/action_dispatch/middleware/templates/rescues/_source.erb (0.8ms)
  Rendered /Library/Ruby/Gems/2.0.0/gems/actionpack-4.0.1/lib/action_dispatch/middleware/templates/rescues/_trace.erb (1.5ms)
  Rendered /Library/Ruby/Gems/2.0.0/gems/actionpack-4.0.1/lib/action_dispatch/middleware/templates/rescues/_request_and_response.erb (1.4ms)
  Rendered /Library/Ruby/Gems/2.0.0/gems/actionpack-4.0.1/lib/action_dispatch/middleware/templates/rescues/diagnostics.erb within rescues/layout (23.8ms)


Started GET "/" for 127.0.0.1 at 2013-12-13 17:46:35 +0000

PG::ConnectionBad (fe_sendauth: no password supplied
):
  activerecord (4.0.1) lib/active_record/connection_adapters/postgresql_adapter.rb:831:in `initialize'
  activerecord (4.0.1) lib/active_record/connection_adapters/postgresql_adapter.rb:831:in `new'
  activerecord (4.0.1) lib/active_record/connection_adapters/postgresql_adapter.rb:831:in `connect'
  activerecord (4.0.1) lib/active_record/connection_adapters/postgresql_adapter.rb:548:in `initialize'
  activerecord (4.0.1) lib/active_record/connection_adapters/postgresql_adapter.rb:41:in `new'
  activerecord (4.0.1) lib/active_record/connection_adapters/postgresql_adapter.rb:41:in `postgresql_connection'
  activerecord (4.0.1) lib/active_record/connection_adapters/abstract/connection_pool.rb:440:in `new_connection'
  activerecord (4.0.1) lib/active_record/connection_adapters/abstract/connection_pool.rb:450:in `checkout_new_connection'
  activerecord (4.0.1) lib/active_record/connection_adapters/abstract/connection_pool.rb:421:in `acquire_connection'
  activerecord (4.0.1) lib/active_record/connection_adapters/abstract/connection_pool.rb:356:in `block in checkout'
  /System/Library/Frameworks/Ruby.framework/Versions/2.0/usr/lib/ruby/2.0.0/monitor.rb:211:in `mon_synchronize'
  activerecord (4.0.1) lib/active_record/connection_adapters/abstract/connection_pool.rb:355:in `checkout'
  activerecord (4.0.1) lib/active_record/connection_adapters/abstract/connection_pool.rb:265:in `block in connection'
  /System/Library/Frameworks/Ruby.framework/Versions/2.0/usr/lib/ruby/2.0.0/monitor.rb:211:in `mon_synchronize'
  activerecord (4.0.1) lib/active_record/connection_adapters/abstract/connection_pool.rb:264:in `connection'
  activerecord (4.0.1) lib/active_record/connection_adapters/abstract/connection_pool.rb:546:in `retrieve_connection'
  activerecord (4.0.1) lib/active_record/connection_handling.rb:79:in `retrieve_connection'
  activerecord (4.0.1) lib/active_record/connection_handling.rb:53:in `connection'
  activerecord (4.0.1) lib/active_record/query_cache.rb:51:in `restore_query_cache_settings'
  activerecord (4.0.1) lib/active_record/query_cache.rb:43:in `rescue in call'
  activerecord (4.0.1) lib/active_record/query_cache.rb:32:in `call'
  activerecord (4.0.1) lib/active_record/connection_adapters/abstract/connection_pool.rb:626:in `call'
  actionpack (4.0.1) lib/action_dispatch/middleware/callbacks.rb:29:in `block in call'
  activesupport (4.0.1) lib/active_support/callbacks.rb:373:in `_run__2138173927964809955__call__callbacks'
  activesupport (4.0.1) lib/active_support/callbacks.rb:80:in `run_callbacks'
  actionpack (4.0.1) lib/action_dispatch/middleware/callbacks.rb:27:in `call'
  actionpack (4.0.1) lib/action_dispatch/middleware/reloader.rb:64:in `call'
  actionpack (4.0.1) lib/action_dispatch/middleware/remote_ip.rb:76:in `call'
  actionpack (4.0.1) lib/action_dispatch/middleware/debug_exceptions.rb:17:in `call'
  actionpack (4.0.1) lib/action_dispatch/middleware/show_exceptions.rb:30:in `call'
  railties (4.0.1) lib/rails/rack/logger.rb:38:in `call_app'
  railties (4.0.1) lib/rails/rack/logger.rb:20:in `block in call'
  activesupport (4.0.1) lib/active_support/tagged_logging.rb:67:in `block in tagged'
  activesupport (4.0.1) lib/active_support/tagged_logging.rb:25:in `tagged'
  activesupport (4.0.1) lib/active_support/tagged_logging.rb:67:in `tagged'
  railties (4.0.1) lib/rails/rack/logger.rb:20:in `call'
  actionpack (4.0.1) lib/action_dispatch/middleware/request_id.rb:21:in `call'
  rack (1.5.2) lib/rack/methodoverride.rb:21:in `call'
  rack (1.5.2) lib/rack/runtime.rb:17:in `call'
  activesupport (4.0.1) lib/active_support/cache/strategy/local_cache.rb:83:in `call'
  rack (1.5.2) lib/rack/lock.rb:17:in `call'
  actionpack (4.0.1) lib/action_dispatch/middleware/static.rb:64:in `call'
  rack (1.5.2) lib/rack/sendfile.rb:112:in `call'
  railties (4.0.1) lib/rails/engine.rb:511:in `call'
  railties (4.0.1) lib/rails/application.rb:97:in `call'
  rack (1.5.2) lib/rack/lock.rb:17:in `call'
  rack (1.5.2) lib/rack/content_length.rb:14:in `call'
  rack (1.5.2) lib/rack/handler/webrick.rb:60:in `service'
  /System/Library/Frameworks/Ruby.framework/Versions/2.0/usr/lib/ruby/2.0.0/webrick/httpserver.rb:138:in `service'
  /System/Library/Frameworks/Ruby.framework/Versions/2.0/usr/lib/ruby/2.0.0/webrick/httpserver.rb:94:in `run'
  /System/Library/Frameworks/Ruby.framework/Versions/2.0/usr/lib/ruby/2.0.0/webrick/server.rb:295:in `block in start_thread'


  Rendered /Library/Ruby/Gems/2.0.0/gems/actionpack-4.0.1/lib/action_dispatch/middleware/templates/rescues/_source.erb (0.8ms)
  Rendered /Library/Ruby/Gems/2.0.0/gems/actionpack-4.0.1/lib/action_dispatch/middleware/templates/rescues/_trace.erb (1.5ms)
  Rendered /Library/Ruby/Gems/2.0.0/gems/actionpack-4.0.1/lib/action_dispatch/middleware/templates/rescues/_request_and_response.erb (1.3ms)
  Rendered /Library/Ruby/Gems/2.0.0/gems/actionpack-4.0.1/lib/action_dispatch/middleware/templates/rescues/diagnostics.erb within rescues/layout (19.1ms)


Started GET "/" for 127.0.0.1 at 2013-12-13 17:47:35 +0000

PG::ConnectionBad (fe_sendauth: no password supplied
):
  activerecord (4.0.1) lib/active_record/connection_adapters/postgresql_adapter.rb:831:in `initialize'
  activerecord (4.0.1) lib/active_record/connection_adapters/postgresql_adapter.rb:831:in `new'
  activerecord (4.0.1) lib/active_record/connection_adapters/postgresql_adapter.rb:831:in `connect'
  activerecord (4.0.1) lib/active_record/connection_adapters/postgresql_adapter.rb:548:in `initialize'
  activerecord (4.0.1) lib/active_record/connection_adapters/postgresql_adapter.rb:41:in `new'
  activerecord (4.0.1) lib/active_record/connection_adapters/postgresql_adapter.rb:41:in `postgresql_connection'
  activerecord (4.0.1) lib/active_record/connection_adapters/abstract/connection_pool.rb:440:in `new_connection'
  activerecord (4.0.1) lib/active_record/connection_adapters/abstract/connection_pool.rb:450:in `checkout_new_connection'
  activerecord (4.0.1) lib/active_record/connection_adapters/abstract/connection_pool.rb:421:in `acquire_connection'
  activerecord (4.0.1) lib/active_record/connection_adapters/abstract/connection_pool.rb:356:in `block in checkout'
  /System/Library/Frameworks/Ruby.framework/Versions/2.0/usr/lib/ruby/2.0.0/monitor.rb:211:in `mon_synchronize'
  activerecord (4.0.1) lib/active_record/connection_adapters/abstract/connection_pool.rb:355:in `checkout'
  activerecord (4.0.1) lib/active_record/connection_adapters/abstract/connection_pool.rb:265:in `block in connection'
  /System/Library/Frameworks/Ruby.framework/Versions/2.0/usr/lib/ruby/2.0.0/monitor.rb:211:in `mon_synchronize'
  activerecord (4.0.1) lib/active_record/connection_adapters/abstract/connection_pool.rb:264:in `connection'
  activerecord (4.0.1) lib/active_record/connection_adapters/abstract/connection_pool.rb:546:in `retrieve_connection'
  activerecord (4.0.1) lib/active_record/connection_handling.rb:79:in `retrieve_connection'
  activerecord (4.0.1) lib/active_record/connection_handling.rb:53:in `connection'
  activerecord (4.0.1) lib/active_record/query_cache.rb:51:in `restore_query_cache_settings'
  activerecord (4.0.1) lib/active_record/query_cache.rb:43:in `rescue in call'
  activerecord (4.0.1) lib/active_record/query_cache.rb:32:in `call'
  activerecord (4.0.1) lib/active_record/connection_adapters/abstract/connection_pool.rb:626:in `call'
  actionpack (4.0.1) lib/action_dispatch/middleware/callbacks.rb:29:in `block in call'
  activesupport (4.0.1) lib/active_support/callbacks.rb:373:in `_run__2138173927964809955__call__callbacks'
  activesupport (4.0.1) lib/active_support/callbacks.rb:80:in `run_callbacks'
  actionpack (4.0.1) lib/action_dispatch/middleware/callbacks.rb:27:in `call'
  actionpack (4.0.1) lib/action_dispatch/middleware/reloader.rb:64:in `call'
  actionpack (4.0.1) lib/action_dispatch/middleware/remote_ip.rb:76:in `call'
  actionpack (4.0.1) lib/action_dispatch/middleware/debug_exceptions.rb:17:in `call'
  actionpack (4.0.1) lib/action_dispatch/middleware/show_exceptions.rb:30:in `call'
  railties (4.0.1) lib/rails/rack/logger.rb:38:in `call_app'
  railties (4.0.1) lib/rails/rack/logger.rb:20:in `block in call'
  activesupport (4.0.1) lib/active_support/tagged_logging.rb:67:in `block in tagged'
  activesupport (4.0.1) lib/active_support/tagged_logging.rb:25:in `tagged'
  activesupport (4.0.1) lib/active_support/tagged_logging.rb:67:in `tagged'
  railties (4.0.1) lib/rails/rack/logger.rb:20:in `call'
  actionpack (4.0.1) lib/action_dispatch/middleware/request_id.rb:21:in `call'
  rack (1.5.2) lib/rack/methodoverride.rb:21:in `call'
  rack (1.5.2) lib/rack/runtime.rb:17:in `call'
  activesupport (4.0.1) lib/active_support/cache/strategy/local_cache.rb:83:in `call'
  rack (1.5.2) lib/rack/lock.rb:17:in `call'
  actionpack (4.0.1) lib/action_dispatch/middleware/static.rb:64:in `call'
  rack (1.5.2) lib/rack/sendfile.rb:112:in `call'
  railties (4.0.1) lib/rails/engine.rb:511:in `call'
  railties (4.0.1) lib/rails/application.rb:97:in `call'
  rack (1.5.2) lib/rack/lock.rb:17:in `call'
  rack (1.5.2) lib/rack/content_length.rb:14:in `call'
  rack (1.5.2) lib/rack/handler/webrick.rb:60:in `service'
  /System/Library/Frameworks/Ruby.framework/Versions/2.0/usr/lib/ruby/2.0.0/webrick/httpserver.rb:138:in `service'
  /System/Library/Frameworks/Ruby.framework/Versions/2.0/usr/lib/ruby/2.0.0/webrick/httpserver.rb:94:in `run'
  /System/Library/Frameworks/Ruby.framework/Versions/2.0/usr/lib/ruby/2.0.0/webrick/server.rb:295:in `block in start_thread'


  Rendered /Library/Ruby/Gems/2.0.0/gems/actionpack-4.0.1/lib/action_dispatch/middleware/templates/rescues/_source.erb (0.7ms)
  Rendered /Library/Ruby/Gems/2.0.0/gems/actionpack-4.0.1/lib/action_dispatch/middleware/templates/rescues/_trace.erb (1.8ms)
  Rendered /Library/Ruby/Gems/2.0.0/gems/actionpack-4.0.1/lib/action_dispatch/middleware/templates/rescues/_request_and_response.erb (1.2ms)
  Rendered /Library/Ruby/Gems/2.0.0/gems/actionpack-4.0.1/lib/action_dispatch/middleware/templates/rescues/diagnostics.erb within rescues/layout (20.5ms)


Started GET "/" for 127.0.0.1 at 2013-12-13 17:48:13 +0000

PG::ConnectionBad (fe_sendauth: no password supplied
):
  activerecord (4.0.1) lib/active_record/connection_adapters/postgresql_adapter.rb:831:in `initialize'
  activerecord (4.0.1) lib/active_record/connection_adapters/postgresql_adapter.rb:831:in `new'
  activerecord (4.0.1) lib/active_record/connection_adapters/postgresql_adapter.rb:831:in `connect'
  activerecord (4.0.1) lib/active_record/connection_adapters/postgresql_adapter.rb:548:in `initialize'
  activerecord (4.0.1) lib/active_record/connection_adapters/postgresql_adapter.rb:41:in `new'
  activerecord (4.0.1) lib/active_record/connection_adapters/postgresql_adapter.rb:41:in `postgresql_connection'
  activerecord (4.0.1) lib/active_record/connection_adapters/abstract/connection_pool.rb:440:in `new_connection'
  activerecord (4.0.1) lib/active_record/connection_adapters/abstract/connection_pool.rb:450:in `checkout_new_connection'
  activerecord (4.0.1) lib/active_record/connection_adapters/abstract/connection_pool.rb:421:in `acquire_connection'
  activerecord (4.0.1) lib/active_record/connection_adapters/abstract/connection_pool.rb:356:in `block in checkout'
  /System/Library/Frameworks/Ruby.framework/Versions/2.0/usr/lib/ruby/2.0.0/monitor.rb:211:in `mon_synchronize'
  activerecord (4.0.1) lib/active_record/connection_adapters/abstract/connection_pool.rb:355:in `checkout'
  activerecord (4.0.1) lib/active_record/connection_adapters/abstract/connection_pool.rb:265:in `block in connection'
  /System/Library/Frameworks/Ruby.framework/Versions/2.0/usr/lib/ruby/2.0.0/monitor.rb:211:in `mon_synchronize'
  activerecord (4.0.1) lib/active_record/connection_adapters/abstract/connection_pool.rb:264:in `connection'
  activerecord (4.0.1) lib/active_record/connection_adapters/abstract/connection_pool.rb:546:in `retrieve_connection'
  activerecord (4.0.1) lib/active_record/connection_handling.rb:79:in `retrieve_connection'
  activerecord (4.0.1) lib/active_record/connection_handling.rb:53:in `connection'
  activerecord (4.0.1) lib/active_record/query_cache.rb:51:in `restore_query_cache_settings'
  activerecord (4.0.1) lib/active_record/query_cache.rb:43:in `rescue in call'
  activerecord (4.0.1) lib/active_record/query_cache.rb:32:in `call'
  activerecord (4.0.1) lib/active_record/connection_adapters/abstract/connection_pool.rb:626:in `call'
  actionpack (4.0.1) lib/action_dispatch/middleware/callbacks.rb:29:in `block in call'
  activesupport (4.0.1) lib/active_support/callbacks.rb:373:in `_run__534407025198165548__call__callbacks'
  activesupport (4.0.1) lib/active_support/callbacks.rb:80:in `run_callbacks'
  actionpack (4.0.1) lib/action_dispatch/middleware/callbacks.rb:27:in `call'
  actionpack (4.0.1) lib/action_dispatch/middleware/reloader.rb:64:in `call'
  actionpack (4.0.1) lib/action_dispatch/middleware/remote_ip.rb:76:in `call'
  actionpack (4.0.1) lib/action_dispatch/middleware/debug_exceptions.rb:17:in `call'
  actionpack (4.0.1) lib/action_dispatch/middleware/show_exceptions.rb:30:in `call'
  railties (4.0.1) lib/rails/rack/logger.rb:38:in `call_app'
  railties (4.0.1) lib/rails/rack/logger.rb:20:in `block in call'
  activesupport (4.0.1) lib/active_support/tagged_logging.rb:67:in `block in tagged'
  activesupport (4.0.1) lib/active_support/tagged_logging.rb:25:in `tagged'
  activesupport (4.0.1) lib/active_support/tagged_logging.rb:67:in `tagged'
  railties (4.0.1) lib/rails/rack/logger.rb:20:in `call'
  actionpack (4.0.1) lib/action_dispatch/middleware/request_id.rb:21:in `call'
  rack (1.5.2) lib/rack/methodoverride.rb:21:in `call'
  rack (1.5.2) lib/rack/runtime.rb:17:in `call'
  activesupport (4.0.1) lib/active_support/cache/strategy/local_cache.rb:83:in `call'
  rack (1.5.2) lib/rack/lock.rb:17:in `call'
  actionpack (4.0.1) lib/action_dispatch/middleware/static.rb:64:in `call'
  rack (1.5.2) lib/rack/sendfile.rb:112:in `call'
  railties (4.0.1) lib/rails/engine.rb:511:in `call'
  railties (4.0.1) lib/rails/application.rb:97:in `call'
  rack (1.5.2) lib/rack/lock.rb:17:in `call'
  rack (1.5.2) lib/rack/content_length.rb:14:in `call'
  rack (1.5.2) lib/rack/handler/webrick.rb:60:in `service'
  /System/Library/Frameworks/Ruby.framework/Versions/2.0/usr/lib/ruby/2.0.0/webrick/httpserver.rb:138:in `service'
  /System/Library/Frameworks/Ruby.framework/Versions/2.0/usr/lib/ruby/2.0.0/webrick/httpserver.rb:94:in `run'
  /System/Library/Frameworks/Ruby.framework/Versions/2.0/usr/lib/ruby/2.0.0/webrick/server.rb:295:in `block in start_thread'


  Rendered /Library/Ruby/Gems/2.0.0/gems/actionpack-4.0.1/lib/action_dispatch/middleware/templates/rescues/_source.erb (0.7ms)
  Rendered /Library/Ruby/Gems/2.0.0/gems/actionpack-4.0.1/lib/action_dispatch/middleware/templates/rescues/_trace.erb (1.4ms)
  Rendered /Library/Ruby/Gems/2.0.0/gems/actionpack-4.0.1/lib/action_dispatch/middleware/templates/rescues/_request_and_response.erb (1.3ms)
  Rendered /Library/Ruby/Gems/2.0.0/gems/actionpack-4.0.1/lib/action_dispatch/middleware/templates/rescues/diagnostics.erb within rescues/layout (18.9ms)


Started GET "/" for 127.0.0.1 at 2013-12-13 18:23:12 +0000

PG::ConnectionBad (fe_sendauth: no password supplied
):
  activerecord (4.0.1) lib/active_record/connection_adapters/postgresql_adapter.rb:831:in `initialize'
  activerecord (4.0.1) lib/active_record/connection_adapters/postgresql_adapter.rb:831:in `new'
  activerecord (4.0.1) lib/active_record/connection_adapters/postgresql_adapter.rb:831:in `connect'
  activerecord (4.0.1) lib/active_record/connection_adapters/postgresql_adapter.rb:548:in `initialize'
  activerecord (4.0.1) lib/active_record/connection_adapters/postgresql_adapter.rb:41:in `new'
  activerecord (4.0.1) lib/active_record/connection_adapters/postgresql_adapter.rb:41:in `postgresql_connection'
  activerecord (4.0.1) lib/active_record/connection_adapters/abstract/connection_pool.rb:440:in `new_connection'
  activerecord (4.0.1) lib/active_record/connection_adapters/abstract/connection_pool.rb:450:in `checkout_new_connection'
  activerecord (4.0.1) lib/active_record/connection_adapters/abstract/connection_pool.rb:421:in `acquire_connection'
  activerecord (4.0.1) lib/active_record/connection_adapters/abstract/connection_pool.rb:356:in `block in checkout'
  /System/Library/Frameworks/Ruby.framework/Versions/2.0/usr/lib/ruby/2.0.0/monitor.rb:211:in `mon_synchronize'
  activerecord (4.0.1) lib/active_record/connection_adapters/abstract/connection_pool.rb:355:in `checkout'
  activerecord (4.0.1) lib/active_record/connection_adapters/abstract/connection_pool.rb:265:in `block in connection'
  /System/Library/Frameworks/Ruby.framework/Versions/2.0/usr/lib/ruby/2.0.0/monitor.rb:211:in `mon_synchronize'
  activerecord (4.0.1) lib/active_record/connection_adapters/abstract/connection_pool.rb:264:in `connection'
  activerecord (4.0.1) lib/active_record/connection_adapters/abstract/connection_pool.rb:546:in `retrieve_connection'
  activerecord (4.0.1) lib/active_record/connection_handling.rb:79:in `retrieve_connection'
  activerecord (4.0.1) lib/active_record/connection_handling.rb:53:in `connection'
  activerecord (4.0.1) lib/active_record/query_cache.rb:51:in `restore_query_cache_settings'
  activerecord (4.0.1) lib/active_record/query_cache.rb:43:in `rescue in call'
  activerecord (4.0.1) lib/active_record/query_cache.rb:32:in `call'
  activerecord (4.0.1) lib/active_record/connection_adapters/abstract/connection_pool.rb:626:in `call'
  actionpack (4.0.1) lib/action_dispatch/middleware/callbacks.rb:29:in `block in call'
  activesupport (4.0.1) lib/active_support/callbacks.rb:373:in `_run__534407025198165548__call__callbacks'
  activesupport (4.0.1) lib/active_support/callbacks.rb:80:in `run_callbacks'
  actionpack (4.0.1) lib/action_dispatch/middleware/callbacks.rb:27:in `call'
  actionpack (4.0.1) lib/action_dispatch/middleware/reloader.rb:64:in `call'
  actionpack (4.0.1) lib/action_dispatch/middleware/remote_ip.rb:76:in `call'
  actionpack (4.0.1) lib/action_dispatch/middleware/debug_exceptions.rb:17:in `call'
  actionpack (4.0.1) lib/action_dispatch/middleware/show_exceptions.rb:30:in `call'
  railties (4.0.1) lib/rails/rack/logger.rb:38:in `call_app'
  railties (4.0.1) lib/rails/rack/logger.rb:20:in `block in call'
  activesupport (4.0.1) lib/active_support/tagged_logging.rb:67:in `block in tagged'
  activesupport (4.0.1) lib/active_support/tagged_logging.rb:25:in `tagged'
  activesupport (4.0.1) lib/active_support/tagged_logging.rb:67:in `tagged'
  railties (4.0.1) lib/rails/rack/logger.rb:20:in `call'
  actionpack (4.0.1) lib/action_dispatch/middleware/request_id.rb:21:in `call'
  rack (1.5.2) lib/rack/methodoverride.rb:21:in `call'
  rack (1.5.2) lib/rack/runtime.rb:17:in `call'
  activesupport (4.0.1) lib/active_support/cache/strategy/local_cache.rb:83:in `call'
  rack (1.5.2) lib/rack/lock.rb:17:in `call'
  actionpack (4.0.1) lib/action_dispatch/middleware/static.rb:64:in `call'
  rack (1.5.2) lib/rack/sendfile.rb:112:in `call'
  railties (4.0.1) lib/rails/engine.rb:511:in `call'
  railties (4.0.1) lib/rails/application.rb:97:in `call'
  rack (1.5.2) lib/rack/lock.rb:17:in `call'
  rack (1.5.2) lib/rack/content_length.rb:14:in `call'
  rack (1.5.2) lib/rack/handler/webrick.rb:60:in `service'
  /System/Library/Frameworks/Ruby.framework/Versions/2.0/usr/lib/ruby/2.0.0/webrick/httpserver.rb:138:in `service'
  /System/Library/Frameworks/Ruby.framework/Versions/2.0/usr/lib/ruby/2.0.0/webrick/httpserver.rb:94:in `run'
  /System/Library/Frameworks/Ruby.framework/Versions/2.0/usr/lib/ruby/2.0.0/webrick/server.rb:295:in `block in start_thread'


  Rendered /Library/Ruby/Gems/2.0.0/gems/actionpack-4.0.1/lib/action_dispatch/middleware/templates/rescues/_source.erb (0.8ms)
  Rendered /Library/Ruby/Gems/2.0.0/gems/actionpack-4.0.1/lib/action_dispatch/middleware/templates/rescues/_trace.erb (1.5ms)
  Rendered /Library/Ruby/Gems/2.0.0/gems/actionpack-4.0.1/lib/action_dispatch/middleware/templates/rescues/_request_and_response.erb (1.1ms)
  Rendered /Library/Ruby/Gems/2.0.0/gems/actionpack-4.0.1/lib/action_dispatch/middleware/templates/rescues/diagnostics.erb within rescues/layout (17.9ms)


Started GET "/" for 127.0.0.1 at 2013-12-13 18:24:32 +0000

PG::ConnectionBad (fe_sendauth: no password supplied
):
  activerecord (4.0.1) lib/active_record/connection_adapters/postgresql_adapter.rb:831:in `initialize'
  activerecord (4.0.1) lib/active_record/connection_adapters/postgresql_adapter.rb:831:in `new'
  activerecord (4.0.1) lib/active_record/connection_adapters/postgresql_adapter.rb:831:in `connect'
  activerecord (4.0.1) lib/active_record/connection_adapters/postgresql_adapter.rb:548:in `initialize'
  activerecord (4.0.1) lib/active_record/connection_adapters/postgresql_adapter.rb:41:in `new'
  activerecord (4.0.1) lib/active_record/connection_adapters/postgresql_adapter.rb:41:in `postgresql_connection'
  activerecord (4.0.1) lib/active_record/connection_adapters/abstract/connection_pool.rb:440:in `new_connection'
  activerecord (4.0.1) lib/active_record/connection_adapters/abstract/connection_pool.rb:450:in `checkout_new_connection'
  activerecord (4.0.1) lib/active_record/connection_adapters/abstract/connection_pool.rb:421:in `acquire_connection'
  activerecord (4.0.1) lib/active_record/connection_adapters/abstract/connection_pool.rb:356:in `block in checkout'
  /System/Library/Frameworks/Ruby.framework/Versions/2.0/usr/lib/ruby/2.0.0/monitor.rb:211:in `mon_synchronize'
  activerecord (4.0.1) lib/active_record/connection_adapters/abstract/connection_pool.rb:355:in `checkout'
  activerecord (4.0.1) lib/active_record/connection_adapters/abstract/connection_pool.rb:265:in `block in connection'
  /System/Library/Frameworks/Ruby.framework/Versions/2.0/usr/lib/ruby/2.0.0/monitor.rb:211:in `mon_synchronize'
  activerecord (4.0.1) lib/active_record/connection_adapters/abstract/connection_pool.rb:264:in `connection'
  activerecord (4.0.1) lib/active_record/connection_adapters/abstract/connection_pool.rb:546:in `retrieve_connection'
  activerecord (4.0.1) lib/active_record/connection_handling.rb:79:in `retrieve_connection'
  activerecord (4.0.1) lib/active_record/connection_handling.rb:53:in `connection'
  activerecord (4.0.1) lib/active_record/query_cache.rb:51:in `restore_query_cache_settings'
  activerecord (4.0.1) lib/active_record/query_cache.rb:43:in `rescue in call'
  activerecord (4.0.1) lib/active_record/query_cache.rb:32:in `call'
  activerecord (4.0.1) lib/active_record/connection_adapters/abstract/connection_pool.rb:626:in `call'
  actionpack (4.0.1) lib/action_dispatch/middleware/callbacks.rb:29:in `block in call'
  activesupport (4.0.1) lib/active_support/callbacks.rb:373:in `_run__517769404308696054__call__callbacks'
  activesupport (4.0.1) lib/active_support/callbacks.rb:80:in `run_callbacks'
  actionpack (4.0.1) lib/action_dispatch/middleware/callbacks.rb:27:in `call'
  actionpack (4.0.1) lib/action_dispatch/middleware/reloader.rb:64:in `call'
  actionpack (4.0.1) lib/action_dispatch/middleware/remote_ip.rb:76:in `call'
  actionpack (4.0.1) lib/action_dispatch/middleware/debug_exceptions.rb:17:in `call'
  actionpack (4.0.1) lib/action_dispatch/middleware/show_exceptions.rb:30:in `call'
  railties (4.0.1) lib/rails/rack/logger.rb:38:in `call_app'
  railties (4.0.1) lib/rails/rack/logger.rb:20:in `block in call'
  activesupport (4.0.1) lib/active_support/tagged_logging.rb:67:in `block in tagged'
  activesupport (4.0.1) lib/active_support/tagged_logging.rb:25:in `tagged'
  activesupport (4.0.1) lib/active_support/tagged_logging.rb:67:in `tagged'
  railties (4.0.1) lib/rails/rack/logger.rb:20:in `call'
  actionpack (4.0.1) lib/action_dispatch/middleware/request_id.rb:21:in `call'
  rack (1.5.2) lib/rack/methodoverride.rb:21:in `call'
  rack (1.5.2) lib/rack/runtime.rb:17:in `call'
  activesupport (4.0.1) lib/active_support/cache/strategy/local_cache.rb:83:in `call'
  rack (1.5.2) lib/rack/lock.rb:17:in `call'
  actionpack (4.0.1) lib/action_dispatch/middleware/static.rb:64:in `call'
  rack (1.5.2) lib/rack/sendfile.rb:112:in `call'
  railties (4.0.1) lib/rails/engine.rb:511:in `call'
  railties (4.0.1) lib/rails/application.rb:97:in `call'
  rack (1.5.2) lib/rack/lock.rb:17:in `call'
  rack (1.5.2) lib/rack/content_length.rb:14:in `call'
  rack (1.5.2) lib/rack/handler/webrick.rb:60:in `service'
  /System/Library/Frameworks/Ruby.framework/Versions/2.0/usr/lib/ruby/2.0.0/webrick/httpserver.rb:138:in `service'
  /System/Library/Frameworks/Ruby.framework/Versions/2.0/usr/lib/ruby/2.0.0/webrick/httpserver.rb:94:in `run'
  /System/Library/Frameworks/Ruby.framework/Versions/2.0/usr/lib/ruby/2.0.0/webrick/server.rb:295:in `block in start_thread'


  Rendered /Library/Ruby/Gems/2.0.0/gems/actionpack-4.0.1/lib/action_dispatch/middleware/templates/rescues/_source.erb (0.7ms)
  Rendered /Library/Ruby/Gems/2.0.0/gems/actionpack-4.0.1/lib/action_dispatch/middleware/templates/rescues/_trace.erb (1.4ms)
  Rendered /Library/Ruby/Gems/2.0.0/gems/actionpack-4.0.1/lib/action_dispatch/middleware/templates/rescues/_request_and_response.erb (1.2ms)
  Rendered /Library/Ruby/Gems/2.0.0/gems/actionpack-4.0.1/lib/action_dispatch/middleware/templates/rescues/diagnostics.erb within rescues/layout (20.3ms)


Started GET "/" for 127.0.0.1 at 2013-12-13 18:24:35 +0000

PG::ConnectionBad (fe_sendauth: no password supplied
):
  activerecord (4.0.1) lib/active_record/connection_adapters/postgresql_adapter.rb:831:in `initialize'
  activerecord (4.0.1) lib/active_record/connection_adapters/postgresql_adapter.rb:831:in `new'
  activerecord (4.0.1) lib/active_record/connection_adapters/postgresql_adapter.rb:831:in `connect'
  activerecord (4.0.1) lib/active_record/connection_adapters/postgresql_adapter.rb:548:in `initialize'
  activerecord (4.0.1) lib/active_record/connection_adapters/postgresql_adapter.rb:41:in `new'
  activerecord (4.0.1) lib/active_record/connection_adapters/postgresql_adapter.rb:41:in `postgresql_connection'
  activerecord (4.0.1) lib/active_record/connection_adapters/abstract/connection_pool.rb:440:in `new_connection'
  activerecord (4.0.1) lib/active_record/connection_adapters/abstract/connection_pool.rb:450:in `checkout_new_connection'
  activerecord (4.0.1) lib/active_record/connection_adapters/abstract/connection_pool.rb:421:in `acquire_connection'
  activerecord (4.0.1) lib/active_record/connection_adapters/abstract/connection_pool.rb:356:in `block in checkout'
  /System/Library/Frameworks/Ruby.framework/Versions/2.0/usr/lib/ruby/2.0.0/monitor.rb:211:in `mon_synchronize'
  activerecord (4.0.1) lib/active_record/connection_adapters/abstract/connection_pool.rb:355:in `checkout'
  activerecord (4.0.1) lib/active_record/connection_adapters/abstract/connection_pool.rb:265:in `block in connection'
  /System/Library/Frameworks/Ruby.framework/Versions/2.0/usr/lib/ruby/2.0.0/monitor.rb:211:in `mon_synchronize'
  activerecord (4.0.1) lib/active_record/connection_adapters/abstract/connection_pool.rb:264:in `connection'
  activerecord (4.0.1) lib/active_record/connection_adapters/abstract/connection_pool.rb:546:in `retrieve_connection'
  activerecord (4.0.1) lib/active_record/connection_handling.rb:79:in `retrieve_connection'
  activerecord (4.0.1) lib/active_record/connection_handling.rb:53:in `connection'
  activerecord (4.0.1) lib/active_record/query_cache.rb:51:in `restore_query_cache_settings'
  activerecord (4.0.1) lib/active_record/query_cache.rb:43:in `rescue in call'
  activerecord (4.0.1) lib/active_record/query_cache.rb:32:in `call'
  activerecord (4.0.1) lib/active_record/connection_adapters/abstract/connection_pool.rb:626:in `call'
  actionpack (4.0.1) lib/action_dispatch/middleware/callbacks.rb:29:in `block in call'
  activesupport (4.0.1) lib/active_support/callbacks.rb:373:in `_run__517769404308696054__call__callbacks'
  activesupport (4.0.1) lib/active_support/callbacks.rb:80:in `run_callbacks'
  actionpack (4.0.1) lib/action_dispatch/middleware/callbacks.rb:27:in `call'
  actionpack (4.0.1) lib/action_dispatch/middleware/reloader.rb:64:in `call'
  actionpack (4.0.1) lib/action_dispatch/middleware/remote_ip.rb:76:in `call'
  actionpack (4.0.1) lib/action_dispatch/middleware/debug_exceptions.rb:17:in `call'
  actionpack (4.0.1) lib/action_dispatch/middleware/show_exceptions.rb:30:in `call'
  railties (4.0.1) lib/rails/rack/logger.rb:38:in `call_app'
  railties (4.0.1) lib/rails/rack/logger.rb:20:in `block in call'
  activesupport (4.0.1) lib/active_support/tagged_logging.rb:67:in `block in tagged'
  activesupport (4.0.1) lib/active_support/tagged_logging.rb:25:in `tagged'
  activesupport (4.0.1) lib/active_support/tagged_logging.rb:67:in `tagged'
  railties (4.0.1) lib/rails/rack/logger.rb:20:in `call'
  actionpack (4.0.1) lib/action_dispatch/middleware/request_id.rb:21:in `call'
  rack (1.5.2) lib/rack/methodoverride.rb:21:in `call'
  rack (1.5.2) lib/rack/runtime.rb:17:in `call'
  activesupport (4.0.1) lib/active_support/cache/strategy/local_cache.rb:83:in `call'
  rack (1.5.2) lib/rack/lock.rb:17:in `call'
  actionpack (4.0.1) lib/action_dispatch/middleware/static.rb:64:in `call'
  rack (1.5.2) lib/rack/sendfile.rb:112:in `call'
  railties (4.0.1) lib/rails/engine.rb:511:in `call'
  railties (4.0.1) lib/rails/application.rb:97:in `call'
  rack (1.5.2) lib/rack/lock.rb:17:in `call'
  rack (1.5.2) lib/rack/content_length.rb:14:in `call'
  rack (1.5.2) lib/rack/handler/webrick.rb:60:in `service'
  /System/Library/Frameworks/Ruby.framework/Versions/2.0/usr/lib/ruby/2.0.0/webrick/httpserver.rb:138:in `service'
  /System/Library/Frameworks/Ruby.framework/Versions/2.0/usr/lib/ruby/2.0.0/webrick/httpserver.rb:94:in `run'
  /System/Library/Frameworks/Ruby.framework/Versions/2.0/usr/lib/ruby/2.0.0/webrick/server.rb:295:in `block in start_thread'


  Rendered /Library/Ruby/Gems/2.0.0/gems/actionpack-4.0.1/lib/action_dispatch/middleware/templates/rescues/_source.erb (0.8ms)
  Rendered /Library/Ruby/Gems/2.0.0/gems/actionpack-4.0.1/lib/action_dispatch/middleware/templates/rescues/_trace.erb (1.5ms)
  Rendered /Library/Ruby/Gems/2.0.0/gems/actionpack-4.0.1/lib/action_dispatch/middleware/templates/rescues/_request_and_response.erb (1.2ms)
  Rendered /Library/Ruby/Gems/2.0.0/gems/actionpack-4.0.1/lib/action_dispatch/middleware/templates/rescues/diagnostics.erb within rescues/layout (18.2ms)


Started GET "/" for 127.0.0.1 at 2013-12-13 18:29:14 +0000

PG::ConnectionBad (fe_sendauth: no password supplied
):
  activerecord (4.0.1) lib/active_record/connection_adapters/postgresql_adapter.rb:831:in `initialize'
  activerecord (4.0.1) lib/active_record/connection_adapters/postgresql_adapter.rb:831:in `new'
  activerecord (4.0.1) lib/active_record/connection_adapters/postgresql_adapter.rb:831:in `connect'
  activerecord (4.0.1) lib/active_record/connection_adapters/postgresql_adapter.rb:548:in `initialize'
  activerecord (4.0.1) lib/active_record/connection_adapters/postgresql_adapter.rb:41:in `new'
  activerecord (4.0.1) lib/active_record/connection_adapters/postgresql_adapter.rb:41:in `postgresql_connection'
  activerecord (4.0.1) lib/active_record/connection_adapters/abstract/connection_pool.rb:440:in `new_connection'
  activerecord (4.0.1) lib/active_record/connection_adapters/abstract/connection_pool.rb:450:in `checkout_new_connection'
  activerecord (4.0.1) lib/active_record/connection_adapters/abstract/connection_pool.rb:421:in `acquire_connection'
  activerecord (4.0.1) lib/active_record/connection_adapters/abstract/connection_pool.rb:356:in `block in checkout'
  /System/Library/Frameworks/Ruby.framework/Versions/2.0/usr/lib/ruby/2.0.0/monitor.rb:211:in `mon_synchronize'
  activerecord (4.0.1) lib/active_record/connection_adapters/abstract/connection_pool.rb:355:in `checkout'
  activerecord (4.0.1) lib/active_record/connection_adapters/abstract/connection_pool.rb:265:in `block in connection'
  /System/Library/Frameworks/Ruby.framework/Versions/2.0/usr/lib/ruby/2.0.0/monitor.rb:211:in `mon_synchronize'
  activerecord (4.0.1) lib/active_record/connection_adapters/abstract/connection_pool.rb:264:in `connection'
  activerecord (4.0.1) lib/active_record/connection_adapters/abstract/connection_pool.rb:546:in `retrieve_connection'
  activerecord (4.0.1) lib/active_record/connection_handling.rb:79:in `retrieve_connection'
  activerecord (4.0.1) lib/active_record/connection_handling.rb:53:in `connection'
  activerecord (4.0.1) lib/active_record/query_cache.rb:51:in `restore_query_cache_settings'
  activerecord (4.0.1) lib/active_record/query_cache.rb:43:in `rescue in call'
  activerecord (4.0.1) lib/active_record/query_cache.rb:32:in `call'
  activerecord (4.0.1) lib/active_record/connection_adapters/abstract/connection_pool.rb:626:in `call'
  actionpack (4.0.1) lib/action_dispatch/middleware/callbacks.rb:29:in `block in call'
  activesupport (4.0.1) lib/active_support/callbacks.rb:373:in `_run__1952816350850753559__call__callbacks'
  activesupport (4.0.1) lib/active_support/callbacks.rb:80:in `run_callbacks'
  actionpack (4.0.1) lib/action_dispatch/middleware/callbacks.rb:27:in `call'
  actionpack (4.0.1) lib/action_dispatch/middleware/reloader.rb:64:in `call'
  actionpack (4.0.1) lib/action_dispatch/middleware/remote_ip.rb:76:in `call'
  actionpack (4.0.1) lib/action_dispatch/middleware/debug_exceptions.rb:17:in `call'
  actionpack (4.0.1) lib/action_dispatch/middleware/show_exceptions.rb:30:in `call'
  railties (4.0.1) lib/rails/rack/logger.rb:38:in `call_app'
  railties (4.0.1) lib/rails/rack/logger.rb:20:in `block in call'
  activesupport (4.0.1) lib/active_support/tagged_logging.rb:67:in `block in tagged'
  activesupport (4.0.1) lib/active_support/tagged_logging.rb:25:in `tagged'
  activesupport (4.0.1) lib/active_support/tagged_logging.rb:67:in `tagged'
  railties (4.0.1) lib/rails/rack/logger.rb:20:in `call'
  actionpack (4.0.1) lib/action_dispatch/middleware/request_id.rb:21:in `call'
  rack (1.5.2) lib/rack/methodoverride.rb:21:in `call'
  rack (1.5.2) lib/rack/runtime.rb:17:in `call'
  activesupport (4.0.1) lib/active_support/cache/strategy/local_cache.rb:83:in `call'
  rack (1.5.2) lib/rack/lock.rb:17:in `call'
  actionpack (4.0.1) lib/action_dispatch/middleware/static.rb:64:in `call'
  rack (1.5.2) lib/rack/sendfile.rb:112:in `call'
  railties (4.0.1) lib/rails/engine.rb:511:in `call'
  railties (4.0.1) lib/rails/application.rb:97:in `call'
  rack (1.5.2) lib/rack/lock.rb:17:in `call'
  rack (1.5.2) lib/rack/content_length.rb:14:in `call'
  rack (1.5.2) lib/rack/handler/webrick.rb:60:in `service'
  /System/Library/Frameworks/Ruby.framework/Versions/2.0/usr/lib/ruby/2.0.0/webrick/httpserver.rb:138:in `service'
  /System/Library/Frameworks/Ruby.framework/Versions/2.0/usr/lib/ruby/2.0.0/webrick/httpserver.rb:94:in `run'
  /System/Library/Frameworks/Ruby.framework/Versions/2.0/usr/lib/ruby/2.0.0/webrick/server.rb:295:in `block in start_thread'


  Rendered /Library/Ruby/Gems/2.0.0/gems/actionpack-4.0.1/lib/action_dispatch/middleware/templates/rescues/_source.erb (0.7ms)
  Rendered /Library/Ruby/Gems/2.0.0/gems/actionpack-4.0.1/lib/action_dispatch/middleware/templates/rescues/_trace.erb (1.9ms)
  Rendered /Library/Ruby/Gems/2.0.0/gems/actionpack-4.0.1/lib/action_dispatch/middleware/templates/rescues/_request_and_response.erb (3.5ms)
  Rendered /Library/Ruby/Gems/2.0.0/gems/actionpack-4.0.1/lib/action_dispatch/middleware/templates/rescues/diagnostics.erb within rescues/layout (35.5ms)


Started GET "/" for 127.0.0.1 at 2013-12-13 18:42:20 +0000

PG::ConnectionBad (fe_sendauth: no password supplied
):
  activerecord (4.0.1) lib/active_record/connection_adapters/postgresql_adapter.rb:831:in `initialize'
  activerecord (4.0.1) lib/active_record/connection_adapters/postgresql_adapter.rb:831:in `new'
  activerecord (4.0.1) lib/active_record/connection_adapters/postgresql_adapter.rb:831:in `connect'
  activerecord (4.0.1) lib/active_record/connection_adapters/postgresql_adapter.rb:548:in `initialize'
  activerecord (4.0.1) lib/active_record/connection_adapters/postgresql_adapter.rb:41:in `new'
  activerecord (4.0.1) lib/active_record/connection_adapters/postgresql_adapter.rb:41:in `postgresql_connection'
  activerecord (4.0.1) lib/active_record/connection_adapters/abstract/connection_pool.rb:440:in `new_connection'
  activerecord (4.0.1) lib/active_record/connection_adapters/abstract/connection_pool.rb:450:in `checkout_new_connection'
  activerecord (4.0.1) lib/active_record/connection_adapters/abstract/connection_pool.rb:421:in `acquire_connection'
  activerecord (4.0.1) lib/active_record/connection_adapters/abstract/connection_pool.rb:356:in `block in checkout'
  /System/Library/Frameworks/Ruby.framework/Versions/2.0/usr/lib/ruby/2.0.0/monitor.rb:211:in `mon_synchronize'
  activerecord (4.0.1) lib/active_record/connection_adapters/abstract/connection_pool.rb:355:in `checkout'
  activerecord (4.0.1) lib/active_record/connection_adapters/abstract/connection_pool.rb:265:in `block in connection'
  /System/Library/Frameworks/Ruby.framework/Versions/2.0/usr/lib/ruby/2.0.0/monitor.rb:211:in `mon_synchronize'
  activerecord (4.0.1) lib/active_record/connection_adapters/abstract/connection_pool.rb:264:in `connection'
  activerecord (4.0.1) lib/active_record/connection_adapters/abstract/connection_pool.rb:546:in `retrieve_connection'
  activerecord (4.0.1) lib/active_record/connection_handling.rb:79:in `retrieve_connection'
  activerecord (4.0.1) lib/active_record/connection_handling.rb:53:in `connection'
  activerecord (4.0.1) lib/active_record/query_cache.rb:51:in `restore_query_cache_settings'
  activerecord (4.0.1) lib/active_record/query_cache.rb:43:in `rescue in call'
  activerecord (4.0.1) lib/active_record/query_cache.rb:32:in `call'
  activerecord (4.0.1) lib/active_record/connection_adapters/abstract/connection_pool.rb:626:in `call'
  actionpack (4.0.1) lib/action_dispatch/middleware/callbacks.rb:29:in `block in call'
  activesupport (4.0.1) lib/active_support/callbacks.rb:373:in `_run__1959521549404661180__call__callbacks'
  activesupport (4.0.1) lib/active_support/callbacks.rb:80:in `run_callbacks'
  actionpack (4.0.1) lib/action_dispatch/middleware/callbacks.rb:27:in `call'
  actionpack (4.0.1) lib/action_dispatch/middleware/reloader.rb:64:in `call'
  actionpack (4.0.1) lib/action_dispatch/middleware/remote_ip.rb:76:in `call'
  actionpack (4.0.1) lib/action_dispatch/middleware/debug_exceptions.rb:17:in `call'
  actionpack (4.0.1) lib/action_dispatch/middleware/show_exceptions.rb:30:in `call'
  railties (4.0.1) lib/rails/rack/logger.rb:38:in `call_app'
  railties (4.0.1) lib/rails/rack/logger.rb:20:in `block in call'
  activesupport (4.0.1) lib/active_support/tagged_logging.rb:67:in `block in tagged'
  activesupport (4.0.1) lib/active_support/tagged_logging.rb:25:in `tagged'
  activesupport (4.0.1) lib/active_support/tagged_logging.rb:67:in `tagged'
  railties (4.0.1) lib/rails/rack/logger.rb:20:in `call'
  actionpack (4.0.1) lib/action_dispatch/middleware/request_id.rb:21:in `call'
  rack (1.5.2) lib/rack/methodoverride.rb:21:in `call'
  rack (1.5.2) lib/rack/runtime.rb:17:in `call'
  activesupport (4.0.1) lib/active_support/cache/strategy/local_cache.rb:83:in `call'
  rack (1.5.2) lib/rack/lock.rb:17:in `call'
  actionpack (4.0.1) lib/action_dispatch/middleware/static.rb:64:in `call'
  rack (1.5.2) lib/rack/sendfile.rb:112:in `call'
  railties (4.0.1) lib/rails/engine.rb:511:in `call'
  railties (4.0.1) lib/rails/application.rb:97:in `call'
  rack (1.5.2) lib/rack/lock.rb:17:in `call'
  rack (1.5.2) lib/rack/content_length.rb:14:in `call'
  rack (1.5.2) lib/rack/handler/webrick.rb:60:in `service'
  /System/Library/Frameworks/Ruby.framework/Versions/2.0/usr/lib/ruby/2.0.0/webrick/httpserver.rb:138:in `service'
  /System/Library/Frameworks/Ruby.framework/Versions/2.0/usr/lib/ruby/2.0.0/webrick/httpserver.rb:94:in `run'
  /System/Library/Frameworks/Ruby.framework/Versions/2.0/usr/lib/ruby/2.0.0/webrick/server.rb:295:in `block in start_thread'


  Rendered /Library/Ruby/Gems/2.0.0/gems/actionpack-4.0.1/lib/action_dispatch/middleware/templates/rescues/_source.erb (0.7ms)
  Rendered /Library/Ruby/Gems/2.0.0/gems/actionpack-4.0.1/lib/action_dispatch/middleware/templates/rescues/_trace.erb (1.4ms)
  Rendered /Library/Ruby/Gems/2.0.0/gems/actionpack-4.0.1/lib/action_dispatch/middleware/templates/rescues/_request_and_response.erb (1.4ms)
  Rendered /Library/Ruby/Gems/2.0.0/gems/actionpack-4.0.1/lib/action_dispatch/middleware/templates/rescues/diagnostics.erb within rescues/layout (19.8ms)


Started GET "/" for 127.0.0.1 at 2013-12-13 18:45:59 +0000

PG::ConnectionBad (fe_sendauth: no password supplied
):
  activerecord (4.0.1) lib/active_record/connection_adapters/postgresql_adapter.rb:831:in `initialize'
  activerecord (4.0.1) lib/active_record/connection_adapters/postgresql_adapter.rb:831:in `new'
  activerecord (4.0.1) lib/active_record/connection_adapters/postgresql_adapter.rb:831:in `connect'
  activerecord (4.0.1) lib/active_record/connection_adapters/postgresql_adapter.rb:548:in `initialize'
  activerecord (4.0.1) lib/active_record/connection_adapters/postgresql_adapter.rb:41:in `new'
  activerecord (4.0.1) lib/active_record/connection_adapters/postgresql_adapter.rb:41:in `postgresql_connection'
  activerecord (4.0.1) lib/active_record/connection_adapters/abstract/connection_pool.rb:440:in `new_connection'
  activerecord (4.0.1) lib/active_record/connection_adapters/abstract/connection_pool.rb:450:in `checkout_new_connection'
  activerecord (4.0.1) lib/active_record/connection_adapters/abstract/connection_pool.rb:421:in `acquire_connection'
  activerecord (4.0.1) lib/active_record/connection_adapters/abstract/connection_pool.rb:356:in `block in checkout'
  /System/Library/Frameworks/Ruby.framework/Versions/2.0/usr/lib/ruby/2.0.0/monitor.rb:211:in `mon_synchronize'
  activerecord (4.0.1) lib/active_record/connection_adapters/abstract/connection_pool.rb:355:in `checkout'
  activerecord (4.0.1) lib/active_record/connection_adapters/abstract/connection_pool.rb:265:in `block in connection'
  /System/Library/Frameworks/Ruby.framework/Versions/2.0/usr/lib/ruby/2.0.0/monitor.rb:211:in `mon_synchronize'
  activerecord (4.0.1) lib/active_record/connection_adapters/abstract/connection_pool.rb:264:in `connection'
  activerecord (4.0.1) lib/active_record/connection_adapters/abstract/connection_pool.rb:546:in `retrieve_connection'
  activerecord (4.0.1) lib/active_record/connection_handling.rb:79:in `retrieve_connection'
  activerecord (4.0.1) lib/active_record/connection_handling.rb:53:in `connection'
  activerecord (4.0.1) lib/active_record/query_cache.rb:51:in `restore_query_cache_settings'
  activerecord (4.0.1) lib/active_record/query_cache.rb:43:in `rescue in call'
  activerecord (4.0.1) lib/active_record/query_cache.rb:32:in `call'
  activerecord (4.0.1) lib/active_record/connection_adapters/abstract/connection_pool.rb:626:in `call'
  actionpack (4.0.1) lib/action_dispatch/middleware/callbacks.rb:29:in `block in call'
  activesupport (4.0.1) lib/active_support/callbacks.rb:373:in `_run__2458898015195926287__call__callbacks'
  activesupport (4.0.1) lib/active_support/callbacks.rb:80:in `run_callbacks'
  actionpack (4.0.1) lib/action_dispatch/middleware/callbacks.rb:27:in `call'
  actionpack (4.0.1) lib/action_dispatch/middleware/reloader.rb:64:in `call'
  actionpack (4.0.1) lib/action_dispatch/middleware/remote_ip.rb:76:in `call'
  actionpack (4.0.1) lib/action_dispatch/middleware/debug_exceptions.rb:17:in `call'
  actionpack (4.0.1) lib/action_dispatch/middleware/show_exceptions.rb:30:in `call'
  railties (4.0.1) lib/rails/rack/logger.rb:38:in `call_app'
  railties (4.0.1) lib/rails/rack/logger.rb:20:in `block in call'
  activesupport (4.0.1) lib/active_support/tagged_logging.rb:67:in `block in tagged'
  activesupport (4.0.1) lib/active_support/tagged_logging.rb:25:in `tagged'
  activesupport (4.0.1) lib/active_support/tagged_logging.rb:67:in `tagged'
  railties (4.0.1) lib/rails/rack/logger.rb:20:in `call'
  actionpack (4.0.1) lib/action_dispatch/middleware/request_id.rb:21:in `call'
  rack (1.5.2) lib/rack/methodoverride.rb:21:in `call'
  rack (1.5.2) lib/rack/runtime.rb:17:in `call'
  activesupport (4.0.1) lib/active_support/cache/strategy/local_cache.rb:83:in `call'
  rack (1.5.2) lib/rack/lock.rb:17:in `call'
  actionpack (4.0.1) lib/action_dispatch/middleware/static.rb:64:in `call'
  rack (1.5.2) lib/rack/sendfile.rb:112:in `call'
  railties (4.0.1) lib/rails/engine.rb:511:in `call'
  railties (4.0.1) lib/rails/application.rb:97:in `call'
  rack (1.5.2) lib/rack/lock.rb:17:in `call'
  rack (1.5.2) lib/rack/content_length.rb:14:in `call'
  rack (1.5.2) lib/rack/handler/webrick.rb:60:in `service'
  /System/Library/Frameworks/Ruby.framework/Versions/2.0/usr/lib/ruby/2.0.0/webrick/httpserver.rb:138:in `service'
  /System/Library/Frameworks/Ruby.framework/Versions/2.0/usr/lib/ruby/2.0.0/webrick/httpserver.rb:94:in `run'
  /System/Library/Frameworks/Ruby.framework/Versions/2.0/usr/lib/ruby/2.0.0/webrick/server.rb:295:in `block in start_thread'


  Rendered /Library/Ruby/Gems/2.0.0/gems/actionpack-4.0.1/lib/action_dispatch/middleware/templates/rescues/_source.erb (0.8ms)
  Rendered /Library/Ruby/Gems/2.0.0/gems/actionpack-4.0.1/lib/action_dispatch/middleware/templates/rescues/_trace.erb (1.7ms)
  Rendered /Library/Ruby/Gems/2.0.0/gems/actionpack-4.0.1/lib/action_dispatch/middleware/templates/rescues/_request_and_response.erb (1.2ms)
  Rendered /Library/Ruby/Gems/2.0.0/gems/actionpack-4.0.1/lib/action_dispatch/middleware/templates/rescues/diagnostics.erb within rescues/layout (20.9ms)


Started GET "/" for 127.0.0.1 at 2013-12-13 18:54:10 +0000

PG::ConnectionBad (fe_sendauth: no password supplied
):
  activerecord (4.0.1) lib/active_record/connection_adapters/postgresql_adapter.rb:831:in `initialize'
  activerecord (4.0.1) lib/active_record/connection_adapters/postgresql_adapter.rb:831:in `new'
  activerecord (4.0.1) lib/active_record/connection_adapters/postgresql_adapter.rb:831:in `connect'
  activerecord (4.0.1) lib/active_record/connection_adapters/postgresql_adapter.rb:548:in `initialize'
  activerecord (4.0.1) lib/active_record/connection_adapters/postgresql_adapter.rb:41:in `new'
  activerecord (4.0.1) lib/active_record/connection_adapters/postgresql_adapter.rb:41:in `postgresql_connection'
  activerecord (4.0.1) lib/active_record/connection_adapters/abstract/connection_pool.rb:440:in `new_connection'
  activerecord (4.0.1) lib/active_record/connection_adapters/abstract/connection_pool.rb:450:in `checkout_new_connection'
  activerecord (4.0.1) lib/active_record/connection_adapters/abstract/connection_pool.rb:421:in `acquire_connection'
  activerecord (4.0.1) lib/active_record/connection_adapters/abstract/connection_pool.rb:356:in `block in checkout'
  /System/Library/Frameworks/Ruby.framework/Versions/2.0/usr/lib/ruby/2.0.0/monitor.rb:211:in `mon_synchronize'
  activerecord (4.0.1) lib/active_record/connection_adapters/abstract/connection_pool.rb:355:in `checkout'
  activerecord (4.0.1) lib/active_record/connection_adapters/abstract/connection_pool.rb:265:in `block in connection'
  /System/Library/Frameworks/Ruby.framework/Versions/2.0/usr/lib/ruby/2.0.0/monitor.rb:211:in `mon_synchronize'
  activerecord (4.0.1) lib/active_record/connection_adapters/abstract/connection_pool.rb:264:in `connection'
  activerecord (4.0.1) lib/active_record/connection_adapters/abstract/connection_pool.rb:546:in `retrieve_connection'
  activerecord (4.0.1) lib/active_record/connection_handling.rb:79:in `retrieve_connection'
  activerecord (4.0.1) lib/active_record/connection_handling.rb:53:in `connection'
  activerecord (4.0.1) lib/active_record/query_cache.rb:51:in `restore_query_cache_settings'
  activerecord (4.0.1) lib/active_record/query_cache.rb:43:in `rescue in call'
  activerecord (4.0.1) lib/active_record/query_cache.rb:32:in `call'
  activerecord (4.0.1) lib/active_record/connection_adapters/abstract/connection_pool.rb:626:in `call'
  actionpack (4.0.1) lib/action_dispatch/middleware/callbacks.rb:29:in `block in call'
  activesupport (4.0.1) lib/active_support/callbacks.rb:373:in `_run__2458898015195926287__call__callbacks'
  activesupport (4.0.1) lib/active_support/callbacks.rb:80:in `run_callbacks'
  actionpack (4.0.1) lib/action_dispatch/middleware/callbacks.rb:27:in `call'
  actionpack (4.0.1) lib/action_dispatch/middleware/reloader.rb:64:in `call'
  actionpack (4.0.1) lib/action_dispatch/middleware/remote_ip.rb:76:in `call'
  actionpack (4.0.1) lib/action_dispatch/middleware/debug_exceptions.rb:17:in `call'
  actionpack (4.0.1) lib/action_dispatch/middleware/show_exceptions.rb:30:in `call'
  railties (4.0.1) lib/rails/rack/logger.rb:38:in `call_app'
  railties (4.0.1) lib/rails/rack/logger.rb:20:in `block in call'
  activesupport (4.0.1) lib/active_support/tagged_logging.rb:67:in `block in tagged'
  activesupport (4.0.1) lib/active_support/tagged_logging.rb:25:in `tagged'
  activesupport (4.0.1) lib/active_support/tagged_logging.rb:67:in `tagged'
  railties (4.0.1) lib/rails/rack/logger.rb:20:in `call'
  actionpack (4.0.1) lib/action_dispatch/middleware/request_id.rb:21:in `call'
  rack (1.5.2) lib/rack/methodoverride.rb:21:in `call'
  rack (1.5.2) lib/rack/runtime.rb:17:in `call'
  activesupport (4.0.1) lib/active_support/cache/strategy/local_cache.rb:83:in `call'
  rack (1.5.2) lib/rack/lock.rb:17:in `call'
  actionpack (4.0.1) lib/action_dispatch/middleware/static.rb:64:in `call'
  rack (1.5.2) lib/rack/sendfile.rb:112:in `call'
  railties (4.0.1) lib/rails/engine.rb:511:in `call'
  railties (4.0.1) lib/rails/application.rb:97:in `call'
  rack (1.5.2) lib/rack/lock.rb:17:in `call'
  rack (1.5.2) lib/rack/content_length.rb:14:in `call'
  rack (1.5.2) lib/rack/handler/webrick.rb:60:in `service'
  /System/Library/Frameworks/Ruby.framework/Versions/2.0/usr/lib/ruby/2.0.0/webrick/httpserver.rb:138:in `service'
  /System/Library/Frameworks/Ruby.framework/Versions/2.0/usr/lib/ruby/2.0.0/webrick/httpserver.rb:94:in `run'
  /System/Library/Frameworks/Ruby.framework/Versions/2.0/usr/lib/ruby/2.0.0/webrick/server.rb:295:in `block in start_thread'


  Rendered /Library/Ruby/Gems/2.0.0/gems/actionpack-4.0.1/lib/action_dispatch/middleware/templates/rescues/_source.erb (0.7ms)
  Rendered /Library/Ruby/Gems/2.0.0/gems/actionpack-4.0.1/lib/action_dispatch/middleware/templates/rescues/_trace.erb (1.4ms)
  Rendered /Library/Ruby/Gems/2.0.0/gems/actionpack-4.0.1/lib/action_dispatch/middleware/templates/rescues/_request_and_response.erb (1.4ms)
  Rendered /Library/Ruby/Gems/2.0.0/gems/actionpack-4.0.1/lib/action_dispatch/middleware/templates/rescues/diagnostics.erb within rescues/layout (19.0ms)


Started GET "/" for 127.0.0.1 at 2013-12-13 18:54:42 +0000
Processing by WelcomeController#index as HTML
  Rendered welcome/index.html.erb within layouts/application (19.0ms)
Completed 200 OK in 126ms (Views: 97.2ms | ActiveRecord: 0.0ms)


Started GET "/assets/layout.css?body=1" for 127.0.0.1 at 2013-12-13 18:54:46 +0000


Started GET "/images/Index/douro.jpg" for 127.0.0.1 at 2013-12-13 18:54:46 +0000

ActionController::RoutingError (No route matches [GET] "/images/Index/douro.jpg"):
  actionpack (4.0.1) lib/action_dispatch/middleware/debug_exceptions.rb:21:in `call'
  actionpack (4.0.1) lib/action_dispatch/middleware/show_exceptions.rb:30:in `call'
  railties (4.0.1) lib/rails/rack/logger.rb:38:in `call_app'
  railties (4.0.1) lib/rails/rack/logger.rb:20:in `block in call'
  activesupport (4.0.1) lib/active_support/tagged_logging.rb:67:in `block in tagged'
  activesupport (4.0.1) lib/active_support/tagged_logging.rb:25:in `tagged'
  activesupport (4.0.1) lib/active_support/tagged_logging.rb:67:in `tagged'
  railties (4.0.1) lib/rails/rack/logger.rb:20:in `call'
  actionpack (4.0.1) lib/action_dispatch/middleware/request_id.rb:21:in `call'
  rack (1.5.2) lib/rack/methodoverride.rb:21:in `call'
  rack (1.5.2) lib/rack/runtime.rb:17:in `call'
  activesupport (4.0.1) lib/active_support/cache/strategy/local_cache.rb:83:in `call'
  rack (1.5.2) lib/rack/lock.rb:17:in `call'
  actionpack (4.0.1) lib/action_dispatch/middleware/static.rb:64:in `call'
  rack (1.5.2) lib/rack/sendfile.rb:112:in `call'
  railties (4.0.1) lib/rails/engine.rb:511:in `call'
  railties (4.0.1) lib/rails/application.rb:97:in `call'
  rack (1.5.2) lib/rack/lock.rb:17:in `call'
  rack (1.5.2) lib/rack/content_length.rb:14:in `call'
  rack (1.5.2) lib/rack/handler/webrick.rb:60:in `service'
  /System/Library/Frameworks/Ruby.framework/Versions/2.0/usr/lib/ruby/2.0.0/webrick/httpserver.rb:138:in `service'
  /System/Library/Frameworks/Ruby.framework/Versions/2.0/usr/lib/ruby/2.0.0/webrick/httpserver.rb:94:in `run'
  /System/Library/Frameworks/Ruby.framework/Versions/2.0/usr/lib/ruby/2.0.0/webrick/server.rb:295:in `block in start_thread'


  Rendered /Library/Ruby/Gems/2.0.0/gems/actionpack-4.0.1/lib/action_dispatch/middleware/templates/rescues/_trace.erb (1.2ms)
  Rendered /Library/Ruby/Gems/2.0.0/gems/actionpack-4.0.1/lib/action_dispatch/middleware/templates/routes/_route.html.erb (6.7ms)
  Rendered /Library/Ruby/Gems/2.0.0/gems/actionpack-4.0.1/lib/action_dispatch/middleware/templates/routes/_table.html.erb (8.7ms)
  Rendered /Library/Ruby/Gems/2.0.0/gems/actionpack-4.0.1/lib/action_dispatch/middleware/templates/rescues/routing_error.erb within rescues/layout (59.7ms)


Started GET "/images/Index/lisboa.jpg" for 127.0.0.1 at 2013-12-13 18:54:46 +0000

ActionController::RoutingError (No route matches [GET] "/images/Index/lisboa.jpg"):
  actionpack (4.0.1) lib/action_dispatch/middleware/debug_exceptions.rb:21:in `call'
  actionpack (4.0.1) lib/action_dispatch/middleware/show_exceptions.rb:30:in `call'
  railties (4.0.1) lib/rails/rack/logger.rb:38:in `call_app'
  railties (4.0.1) lib/rails/rack/logger.rb:20:in `block in call'
  activesupport (4.0.1) lib/active_support/tagged_logging.rb:67:in `block in tagged'
  activesupport (4.0.1) lib/active_support/tagged_logging.rb:25:in `tagged'
  activesupport (4.0.1) lib/active_support/tagged_logging.rb:67:in `tagged'
  railties (4.0.1) lib/rails/rack/logger.rb:20:in `call'
  actionpack (4.0.1) lib/action_dispatch/middleware/request_id.rb:21:in `call'
  rack (1.5.2) lib/rack/methodoverride.rb:21:in `call'
  rack (1.5.2) lib/rack/runtime.rb:17:in `call'
  activesupport (4.0.1) lib/active_support/cache/strategy/local_cache.rb:83:in `call'
  rack (1.5.2) lib/rack/lock.rb:17:in `call'
  actionpack (4.0.1) lib/action_dispatch/middleware/static.rb:64:in `call'
  rack (1.5.2) lib/rack/sendfile.rb:112:in `call'
  railties (4.0.1) lib/rails/engine.rb:511:in `call'
  railties (4.0.1) lib/rails/application.rb:97:in `call'
  rack (1.5.2) lib/rack/lock.rb:17:in `call'
  rack (1.5.2) lib/rack/content_length.rb:14:in `call'
  rack (1.5.2) lib/rack/handler/webrick.rb:60:in `service'
  /System/Library/Frameworks/Ruby.framework/Versions/2.0/usr/lib/ruby/2.0.0/webrick/httpserver.rb:138:in `service'
  /System/Library/Frameworks/Ruby.framework/Versions/2.0/usr/lib/ruby/2.0.0/webrick/httpserver.rb:94:in `run'
  /System/Library/Frameworks/Ruby.framework/Versions/2.0/usr/lib/ruby/2.0.0/webrick/server.rb:295:in `block in start_thread'


  Rendered /Library/Ruby/Gems/2.0.0/gems/actionpack-4.0.1/lib/action_dispatch/middleware/templates/rescues/_trace.erb (1.4ms)
  Rendered /Library/Ruby/Gems/2.0.0/gems/actionpack-4.0.1/lib/action_dispatch/middleware/templates/routes/_route.html.erb (6.1ms)
  Rendered /Library/Ruby/Gems/2.0.0/gems/actionpack-4.0.1/lib/action_dispatch/middleware/templates/routes/_table.html.erb (1.4ms)
  Rendered /Library/Ruby/Gems/2.0.0/gems/actionpack-4.0.1/lib/action_dispatch/middleware/templates/rescues/routing_error.erb within rescues/layout (50.5ms)


Started GET "/images/Index/faro.jpg" for 127.0.0.1 at 2013-12-13 18:54:46 +0000

ActionController::RoutingError (No route matches [GET] "/images/Index/faro.jpg"):
  actionpack (4.0.1) lib/action_dispatch/middleware/debug_exceptions.rb:21:in `call'
  actionpack (4.0.1) lib/action_dispatch/middleware/show_exceptions.rb:30:in `call'
  railties (4.0.1) lib/rails/rack/logger.rb:38:in `call_app'
  railties (4.0.1) lib/rails/rack/logger.rb:20:in `block in call'
  activesupport (4.0.1) lib/active_support/tagged_logging.rb:67:in `block in tagged'
  activesupport (4.0.1) lib/active_support/tagged_logging.rb:25:in `tagged'
  activesupport (4.0.1) lib/active_support/tagged_logging.rb:67:in `tagged'
  railties (4.0.1) lib/rails/rack/logger.rb:20:in `call'
  actionpack (4.0.1) lib/action_dispatch/middleware/request_id.rb:21:in `call'
  rack (1.5.2) lib/rack/methodoverride.rb:21:in `call'
  rack (1.5.2) lib/rack/runtime.rb:17:in `call'
  activesupport (4.0.1) lib/active_support/cache/strategy/local_cache.rb:83:in `call'
  rack (1.5.2) lib/rack/lock.rb:17:in `call'
  actionpack (4.0.1) lib/action_dispatch/middleware/static.rb:64:in `call'
  rack (1.5.2) lib/rack/sendfile.rb:112:in `call'
  railties (4.0.1) lib/rails/engine.rb:511:in `call'
  railties (4.0.1) lib/rails/application.rb:97:in `call'
  rack (1.5.2) lib/rack/lock.rb:17:in `call'
  rack (1.5.2) lib/rack/content_length.rb:14:in `call'
  rack (1.5.2) lib/rack/handler/webrick.rb:60:in `service'
  /System/Library/Frameworks/Ruby.framework/Versions/2.0/usr/lib/ruby/2.0.0/webrick/httpserver.rb:138:in `service'
  /System/Library/Frameworks/Ruby.framework/Versions/2.0/usr/lib/ruby/2.0.0/webrick/httpserver.rb:94:in `run'
  /System/Library/Frameworks/Ruby.framework/Versions/2.0/usr/lib/ruby/2.0.0/webrick/server.rb:295:in `block in start_thread'


  Rendered /Library/Ruby/Gems/2.0.0/gems/actionpack-4.0.1/lib/action_dispatch/middleware/templates/rescues/_trace.erb (1.4ms)
  Rendered /Library/Ruby/Gems/2.0.0/gems/actionpack-4.0.1/lib/action_dispatch/middleware/templates/routes/_route.html.erb (4.8ms)
  Rendered /Library/Ruby/Gems/2.0.0/gems/actionpack-4.0.1/lib/action_dispatch/middleware/templates/routes/_table.html.erb (1.5ms)
  Rendered /Library/Ruby/Gems/2.0.0/gems/actionpack-4.0.1/lib/action_dispatch/middleware/templates/rescues/routing_error.erb within rescues/layout (42.0ms)


Started GET "/images/Index/palacio.jpg" for 127.0.0.1 at 2013-12-13 18:54:46 +0000

ActionController::RoutingError (No route matches [GET] "/images/Index/palacio.jpg"):
  actionpack (4.0.1) lib/action_dispatch/middleware/debug_exceptions.rb:21:in `call'
  actionpack (4.0.1) lib/action_dispatch/middleware/show_exceptions.rb:30:in `call'
  railties (4.0.1) lib/rails/rack/logger.rb:38:in `call_app'
  railties (4.0.1) lib/rails/rack/logger.rb:20:in `block in call'
  activesupport (4.0.1) lib/active_support/tagged_logging.rb:67:in `block in tagged'
  activesupport (4.0.1) lib/active_support/tagged_logging.rb:25:in `tagged'
  activesupport (4.0.1) lib/active_support/tagged_logging.rb:67:in `tagged'
  railties (4.0.1) lib/rails/rack/logger.rb:20:in `call'
  actionpack (4.0.1) lib/action_dispatch/middleware/request_id.rb:21:in `call'
  rack (1.5.2) lib/rack/methodoverride.rb:21:in `call'
  rack (1.5.2) lib/rack/runtime.rb:17:in `call'
  activesupport (4.0.1) lib/active_support/cache/strategy/local_cache.rb:83:in `call'
  rack (1.5.2) lib/rack/lock.rb:17:in `call'
  actionpack (4.0.1) lib/action_dispatch/middleware/static.rb:64:in `call'
  rack (1.5.2) lib/rack/sendfile.rb:112:in `call'
  railties (4.0.1) lib/rails/engine.rb:511:in `call'
  railties (4.0.1) lib/rails/application.rb:97:in `call'
  rack (1.5.2) lib/rack/lock.rb:17:in `call'
  rack (1.5.2) lib/rack/content_length.rb:14:in `call'
  rack (1.5.2) lib/rack/handler/webrick.rb:60:in `service'
  /System/Library/Frameworks/Ruby.framework/Versions/2.0/usr/lib/ruby/2.0.0/webrick/httpserver.rb:138:in `service'
  /System/Library/Frameworks/Ruby.framework/Versions/2.0/usr/lib/ruby/2.0.0/webrick/httpserver.rb:94:in `run'
  /System/Library/Frameworks/Ruby.framework/Versions/2.0/usr/lib/ruby/2.0.0/webrick/server.rb:295:in `block in start_thread'


  Rendered /Library/Ruby/Gems/2.0.0/gems/actionpack-4.0.1/lib/action_dispatch/middleware/templates/rescues/_trace.erb (1.3ms)
  Rendered /Library/Ruby/Gems/2.0.0/gems/actionpack-4.0.1/lib/action_dispatch/middleware/templates/routes/_route.html.erb (5.1ms)
  Rendered /Library/Ruby/Gems/2.0.0/gems/actionpack-4.0.1/lib/action_dispatch/middleware/templates/routes/_table.html.erb (1.5ms)
  Rendered /Library/Ruby/Gems/2.0.0/gems/actionpack-4.0.1/lib/action_dispatch/middleware/templates/rescues/routing_error.erb within rescues/layout (41.5ms)


Started GET "/images/Index/Logo.png" for 127.0.0.1 at 2013-12-13 18:54:46 +0000

ActionController::RoutingError (No route matches [GET] "/images/Index/Logo.png"):
  actionpack (4.0.1) lib/action_dispatch/middleware/debug_exceptions.rb:21:in `call'
  actionpack (4.0.1) lib/action_dispatch/middleware/show_exceptions.rb:30:in `call'
  railties (4.0.1) lib/rails/rack/logger.rb:38:in `call_app'
  railties (4.0.1) lib/rails/rack/logger.rb:20:in `block in call'
  activesupport (4.0.1) lib/active_support/tagged_logging.rb:67:in `block in tagged'
  activesupport (4.0.1) lib/active_support/tagged_logging.rb:25:in `tagged'
  activesupport (4.0.1) lib/active_support/tagged_logging.rb:67:in `tagged'
  railties (4.0.1) lib/rails/rack/logger.rb:20:in `call'
  actionpack (4.0.1) lib/action_dispatch/middleware/request_id.rb:21:in `call'
  rack (1.5.2) lib/rack/methodoverride.rb:21:in `call'
  rack (1.5.2) lib/rack/runtime.rb:17:in `call'
  activesupport (4.0.1) lib/active_support/cache/strategy/local_cache.rb:83:in `call'
  rack (1.5.2) lib/rack/lock.rb:17:in `call'
  actionpack (4.0.1) lib/action_dispatch/middleware/static.rb:64:in `call'
  rack (1.5.2) lib/rack/sendfile.rb:112:in `call'
  railties (4.0.1) lib/rails/engine.rb:511:in `call'
  railties (4.0.1) lib/rails/application.rb:97:in `call'
  rack (1.5.2) lib/rack/lock.rb:17:in `call'
  rack (1.5.2) lib/rack/content_length.rb:14:in `call'
  rack (1.5.2) lib/rack/handler/webrick.rb:60:in `service'
  /System/Library/Frameworks/Ruby.framework/Versions/2.0/usr/lib/ruby/2.0.0/webrick/httpserver.rb:138:in `service'
  /System/Library/Frameworks/Ruby.framework/Versions/2.0/usr/lib/ruby/2.0.0/webrick/httpserver.rb:94:in `run'
  /System/Library/Frameworks/Ruby.framework/Versions/2.0/usr/lib/ruby/2.0.0/webrick/server.rb:295:in `block in start_thread'


  Rendered /Library/Ruby/Gems/2.0.0/gems/actionpack-4.0.1/lib/action_dispatch/middleware/templates/rescues/_trace.erb (1.6ms)
  Rendered /Library/Ruby/Gems/2.0.0/gems/actionpack-4.0.1/lib/action_dispatch/middleware/templates/routes/_route.html.erb (6.7ms)
  Rendered /Library/Ruby/Gems/2.0.0/gems/actionpack-4.0.1/lib/action_dispatch/middleware/templates/routes/_table.html.erb (1.8ms)
  Rendered /Library/Ruby/Gems/2.0.0/gems/actionpack-4.0.1/lib/action_dispatch/middleware/templates/rescues/routing_error.erb within rescues/layout (46.4ms)


Started GET "/assets/bootstrap.min.css?body=1" for 127.0.0.1 at 2013-12-13 18:54:47 +0000


Started GET "/offcanvas.js" for 127.0.0.1 at 2013-12-13 18:54:47 +0000

ActionController::RoutingError (No route matches [GET] "/offcanvas.js"):
  actionpack (4.0.1) lib/action_dispatch/middleware/debug_exceptions.rb:21:in `call'
  actionpack (4.0.1) lib/action_dispatch/middleware/show_exceptions.rb:30:in `call'
  railties (4.0.1) lib/rails/rack/logger.rb:38:in `call_app'
  railties (4.0.1) lib/rails/rack/logger.rb:20:in `block in call'
  activesupport (4.0.1) lib/active_support/tagged_logging.rb:67:in `block in tagged'
  activesupport (4.0.1) lib/active_support/tagged_logging.rb:25:in `tagged'
  activesupport (4.0.1) lib/active_support/tagged_logging.rb:67:in `tagged'
  railties (4.0.1) lib/rails/rack/logger.rb:20:in `call'
  actionpack (4.0.1) lib/action_dispatch/middleware/request_id.rb:21:in `call'
  rack (1.5.2) lib/rack/methodoverride.rb:21:in `call'
  rack (1.5.2) lib/rack/runtime.rb:17:in `call'
  activesupport (4.0.1) lib/active_support/cache/strategy/local_cache.rb:83:in `call'
  rack (1.5.2) lib/rack/lock.rb:17:in `call'
  actionpack (4.0.1) lib/action_dispatch/middleware/static.rb:64:in `call'
  rack (1.5.2) lib/rack/sendfile.rb:112:in `call'
  railties (4.0.1) lib/rails/engine.rb:511:in `call'
  railties (4.0.1) lib/rails/application.rb:97:in `call'
  rack (1.5.2) lib/rack/lock.rb:17:in `call'
  rack (1.5.2) lib/rack/content_length.rb:14:in `call'
  rack (1.5.2) lib/rack/handler/webrick.rb:60:in `service'
  /System/Library/Frameworks/Ruby.framework/Versions/2.0/usr/lib/ruby/2.0.0/webrick/httpserver.rb:138:in `service'
  /System/Library/Frameworks/Ruby.framework/Versions/2.0/usr/lib/ruby/2.0.0/webrick/httpserver.rb:94:in `run'
  /System/Library/Frameworks/Ruby.framework/Versions/2.0/usr/lib/ruby/2.0.0/webrick/server.rb:295:in `block in start_thread'


  Rendered /Library/Ruby/Gems/2.0.0/gems/actionpack-4.0.1/lib/action_dispatch/middleware/templates/rescues/_trace.erb (1.6ms)
  Rendered /Library/Ruby/Gems/2.0.0/gems/actionpack-4.0.1/lib/action_dispatch/middleware/templates/routes/_route.html.erb (18.3ms)
  Rendered /Library/Ruby/Gems/2.0.0/gems/actionpack-4.0.1/lib/action_dispatch/middleware/templates/routes/_table.html.erb (2.8ms)
  Rendered /Library/Ruby/Gems/2.0.0/gems/actionpack-4.0.1/lib/action_dispatch/middleware/templates/rescues/routing_error.erb within rescues/layout (83.9ms)


Started GET "/assets/jquery.js?body=1" for 127.0.0.1 at 2013-12-13 18:54:47 +0000


Started GET "/assets/bootstrap.js?body=1" for 127.0.0.1 at 2013-12-13 18:54:47 +0000


Started GET "/assets/fonts/glyphicons-halflings-regular.woff" for 127.0.0.1 at 2013-12-13 18:54:47 +0000
